This is pdfTeX, Version 3.141592653-2.6-1.40.27 (MiKTeX 25.4) (preloaded format=pdflatex 2025.11.20)  11 JUN 2026 12:01
entering extended mode
 restricted \write18 enabled.
 file:line:error style messages enabled.
 %&-line parsing enabled.
**"c:/Users/gonca/Downloads/meec-distrib-v2024 (2)/meec-distrib/meec_thesis.tex"
(c:/Users/gonca/Downloads/meec-distrib-v2024 (2)/meec-distrib/meec_thesis.tex
LaTeX2e <2025-06-01> patch level 1
L3 programming layer <2025-08-13>
(C:\Users\gonca\AppData\Local\Programs\MiKTeX\tex/latex/base\report.cls
Document Class: report 2025/01/22 v1.4n Standard LaTeX document class
(C:\Users\gonca\AppData\Local\Programs\MiKTeX\tex/latex/base\size11.clo
File: size11.clo 2025/01/22 v1.4n Standard LaTeX file (size option)
)
\c@part=\count275
\c@chapter=\count276
\c@section=\count277
\c@subsection=\count278
\c@subsubsection=\count279
\c@paragraph=\count280
\c@subparagraph=\count281
\c@figure=\count282
\c@table=\count283
\abovecaptionskip=\skip49
\belowcaptionskip=\skip50
\bibindent=\dimen148
) (C:\Users\gonca\AppData\Local\Programs\MiKTeX\tex/latex/booktabs\booktabs.sty
Package: booktabs 2020/01/12 v1.61803398 Publication quality tables
\heavyrulewidth=\dimen149
\lightrulewidth=\dimen150
\cmidrulewidth=\dimen151
\belowrulesep=\dimen152
\belowbottomsep=\dimen153
\aboverulesep=\dimen154
\abovetopsep=\dimen155
\cmidrulesep=\dimen156
\cmidrulekern=\dimen157
\defaultaddspace=\dimen158
\@cmidla=\count284
\@cmidlb=\count285
\@aboverulesep=\dimen159
\@belowrulesep=\dimen160
\@thisruleclass=\count286
\@lastruleclass=\count287
\@thisrulewidth=\dimen161
) (C:\Users\gonca\AppData\Local\Programs\MiKTeX\tex/latex/base\inputenc.sty
Package: inputenc 2024/02/08 v1.3d Input encoding file
\inpenc@prehook=\toks17
\inpenc@posthook=\toks18
) (C:\Users\gonca\AppData\Local\Programs\MiKTeX\tex/latex/pgf/frontendlayer\tikz.sty (C:\Users\gonca\AppData\Local\Programs\MiKTeX\tex/latex/pgf/basiclayer\pgf.sty (C:\Users\gonca\AppData\Local\Programs\MiKTeX\tex/latex/pgf/utilities\pgfrcs.sty (C:\Users\gonca\AppData\Local\Programs\MiKTeX\tex/generic/pgf/utilities\pgfutil-common.tex
\pgfutil@everybye=\toks19
\pgfutil@tempdima=\dimen162
\pgfutil@tempdimb=\dimen163
) (C:\Users\gonca\AppData\Local\Programs\MiKTeX\tex/generic/pgf/utilities\pgfutil-latex.def
\pgfutil@abb=\box53
) (C:\Users\gonca\AppData\Local\Programs\MiKTeX\tex/generic/pgf/utilities\pgfrcs.code.tex (C:\Users\gonca\AppData\Local\Programs\MiKTeX\tex/generic/pgf\pgf.revision.tex)
Package: pgfrcs 2025-08-29 v3.1.11a (3.1.11a)
))
Package: pgf 2025-08-29 v3.1.11a (3.1.11a)
 (C:\Users\gonca\AppData\Local\Programs\MiKTeX\tex/latex/pgf/basiclayer\pgfcore.sty (C:\Users\gonca\AppData\Local\Programs\MiKTeX\tex/latex/graphics\graphicx.sty
Package: graphicx 2024/12/31 v1.2e Enhanced LaTeX Graphics (DPC,SPQR)
 (C:\Users\gonca\AppData\Local\Programs\MiKTeX\tex/latex/graphics\keyval.sty
Package: keyval 2022/05/29 v1.15 key=value parser (DPC)
\KV@toks@=\toks20
) (C:\Users\gonca\AppData\Local\Programs\MiKTeX\tex/latex/graphics\graphics.sty
Package: graphics 2024/08/06 v1.4g Standard LaTeX Graphics (DPC,SPQR)
 (C:\Users\gonca\AppData\Local\Programs\MiKTeX\tex/latex/graphics\trig.sty
Package: trig 2023/12/02 v1.11 sin cos tan (DPC)
) (C:\Users\gonca\AppData\Local\Programs\MiKTeX\tex/latex/graphics-cfg\graphics.cfg
File: graphics.cfg 2016/06/04 v1.11 sample graphics configuration
)
Package graphics Info: Driver file: pdftex.def on input line 106.
 (C:\Users\gonca\AppData\Local\Programs\MiKTeX\tex/latex/graphics-def\pdftex.def
File: pdftex.def 2024/04/13 v1.2c Graphics/color driver for pdftex
))
\Gin@req@height=\dimen164
\Gin@req@width=\dimen165
) (C:\Users\gonca\AppData\Local\Programs\MiKTeX\tex/latex/pgf/systemlayer\pgfsys.sty (C:\Users\gonca\AppData\Local\Programs\MiKTeX\tex/generic/pgf/systemlayer\pgfsys.code.tex
Package: pgfsys 2025-08-29 v3.1.11a (3.1.11a)
 (C:\Users\gonca\AppData\Local\Programs\MiKTeX\tex/generic/pgf/utilities\pgfkeys.code.tex
\pgfkeys@pathtoks=\toks21
\pgfkeys@temptoks=\toks22
 (C:\Users\gonca\AppData\Local\Programs\MiKTeX\tex/generic/pgf/utilities\pgfkeyslibraryfiltered.code.tex
\pgfkeys@tmptoks=\toks23
))
\pgf@x=\dimen166
\pgf@y=\dimen167
\pgf@xa=\dimen168
\pgf@ya=\dimen169
\pgf@xb=\dimen170
\pgf@yb=\dimen171
\pgf@xc=\dimen172
\pgf@yc=\dimen173
\pgf@xd=\dimen174
\pgf@yd=\dimen175
\w@pgf@writea=\write3
\r@pgf@reada=\read2
\c@pgf@counta=\count288
\c@pgf@countb=\count289
\c@pgf@countc=\count290
\c@pgf@countd=\count291
\t@pgf@toka=\toks24
\t@pgf@tokb=\toks25
\t@pgf@tokc=\toks26
\pgf@sys@id@count=\count292
 (C:\Users\gonca\AppData\Local\Programs\MiKTeX\tex/generic/pgf/systemlayer\pgf.cfg
File: pgf.cfg 2025-08-29 v3.1.11a (3.1.11a)
)
Driver file for pgf: pgfsys-pdftex.def
 (C:\Users\gonca\AppData\Local\Programs\MiKTeX\tex/generic/pgf/systemlayer\pgfsys-pdftex.def
File: pgfsys-pdftex.def 2025-08-29 v3.1.11a (3.1.11a)
 (C:\Users\gonca\AppData\Local\Programs\MiKTeX\tex/generic/pgf/systemlayer\pgfsys-common-pdf.def
File: pgfsys-common-pdf.def 2025-08-29 v3.1.11a (3.1.11a)
))) (C:\Users\gonca\AppData\Local\Programs\MiKTeX\tex/generic/pgf/systemlayer\pgfsyssoftpath.code.tex
File: pgfsyssoftpath.code.tex 2025-08-29 v3.1.11a (3.1.11a)
\pgfsyssoftpath@smallbuffer@items=\count293
\pgfsyssoftpath@bigbuffer@items=\count294
) (C:\Users\gonca\AppData\Local\Programs\MiKTeX\tex/generic/pgf/systemlayer\pgfsysprotocol.code.tex
File: pgfsysprotocol.code.tex 2025-08-29 v3.1.11a (3.1.11a)
)) (C:\Users\gonca\AppData\Local\Programs\MiKTeX\tex/latex/xcolor\xcolor.sty
Package: xcolor 2024/09/29 v3.02 LaTeX color extensions (UK)
 (C:\Users\gonca\AppData\Local\Programs\MiKTeX\tex/latex/graphics-cfg\color.cfg
File: color.cfg 2016/01/02 v1.6 sample color configuration
)
Package xcolor Info: Driver file: pdftex.def on input line 274.
 (C:\Users\gonca\AppData\Local\Programs\MiKTeX\tex/latex/graphics\mathcolor.ltx)
Package xcolor Info: Model `cmy' substituted by `cmy0' on input line 1349.
Package xcolor Info: Model `hsb' substituted by `rgb' on input line 1353.
Package xcolor Info: Model `RGB' extended on input line 1365.
Package xcolor Info: Model `HTML' substituted by `rgb' on input line 1367.
Package xcolor Info: Model `Hsb' substituted by `hsb' on input line 1368.
Package xcolor Info: Model `tHsb' substituted by `hsb' on input line 1369.
Package xcolor Info: Model `HSB' substituted by `hsb' on input line 1370.
Package xcolor Info: Model `Gray' substituted by `gray' on input line 1371.
Package xcolor Info: Model `wave' substituted by `hsb' on input line 1372.
) (C:\Users\gonca\AppData\Local\Programs\MiKTeX\tex/generic/pgf/basiclayer\pgfcore.code.tex
Package: pgfcore 2025-08-29 v3.1.11a (3.1.11a)
 (C:\Users\gonca\AppData\Local\Programs\MiKTeX\tex/generic/pgf/math\pgfmath.code.tex (C:\Users\gonca\AppData\Local\Programs\MiKTeX\tex/generic/pgf/math\pgfmathutil.code.tex) (C:\Users\gonca\AppData\Local\Programs\MiKTeX\tex/generic/pgf/math\pgfmathparser.code.tex
\pgfmath@dimen=\dimen176
\pgfmath@count=\count295
\pgfmath@box=\box54
\pgfmath@toks=\toks27
\pgfmath@stack@operand=\toks28
\pgfmath@stack@operation=\toks29
) (C:\Users\gonca\AppData\Local\Programs\MiKTeX\tex/generic/pgf/math\pgfmathfunctions.code.tex) (C:\Users\gonca\AppData\Local\Programs\MiKTeX\tex/generic/pgf/math\pgfmathfunctions.basic.code.tex) (C:\Users\gonca\AppData\Local\Programs\MiKTeX\tex/generic/pgf/math\pgfmathfunctions.trigonometric.code.tex) (C:\Users\gonca\AppData\Local\Programs\MiKTeX\tex/generic/pgf/math\pgfmathfunctions.random.code.tex) (C:\Users\gonca\AppData\Local\Programs\MiKTeX\tex/generic/pgf/math\pgfmathfunctions.comparison.code.tex) (C:\Users\gonca\AppData\Local\Programs\MiKTeX\tex/generic/pgf/math\pgfmathfunctions.base.code.tex) (C:\Users\gonca\AppData\Local\Programs\MiKTeX\tex/generic/pgf/math\pgfmathfunctions.round.code.tex) (C:\Users\gonca\AppData\Local\Programs\MiKTeX\tex/generic/pgf/math\pgfmathfunctions.misc.code.tex) (C:\Users\gonca\AppData\Local\Programs\MiKTeX\tex/generic/pgf/math\pgfmathfunctions.integerarithmetics.code.tex) (C:\Users\gonca\AppData\Local\Programs\MiKTeX\tex/generic/pgf/math\pgfmathcalc.code.tex) (C:\Users\gonca\AppData\Local\Programs\MiKTeX\tex/generic/pgf/math\pgfmathfloat.code.tex
\c@pgfmathroundto@lastzeros=\count296
)) (C:\Users\gonca\AppData\Local\Programs\MiKTeX\tex/generic/pgf/math\pgfint.code.tex) (C:\Users\gonca\AppData\Local\Programs\MiKTeX\tex/generic/pgf/basiclayer\pgfcorepoints.code.tex
File: pgfcorepoints.code.tex 2025-08-29 v3.1.11a (3.1.11a)
\pgf@picminx=\dimen177
\pgf@picmaxx=\dimen178
\pgf@picminy=\dimen179
\pgf@picmaxy=\dimen180
\pgf@pathminx=\dimen181
\pgf@pathmaxx=\dimen182
\pgf@pathminy=\dimen183
\pgf@pathmaxy=\dimen184
\pgf@xx=\dimen185
\pgf@xy=\dimen186
\pgf@yx=\dimen187
\pgf@yy=\dimen188
\pgf@zx=\dimen189
\pgf@zy=\dimen190
) (C:\Users\gonca\AppData\Local\Programs\MiKTeX\tex/generic/pgf/basiclayer\pgfcorepathconstruct.code.tex
File: pgfcorepathconstruct.code.tex 2025-08-29 v3.1.11a (3.1.11a)
\pgf@path@lastx=\dimen191
\pgf@path@lasty=\dimen192
) (C:\Users\gonca\AppData\Local\Programs\MiKTeX\tex/generic/pgf/basiclayer\pgfcorepathusage.code.tex
File: pgfcorepathusage.code.tex 2025-08-29 v3.1.11a (3.1.11a)
\pgf@shorten@end@additional=\dimen193
\pgf@shorten@start@additional=\dimen194
) (C:\Users\gonca\AppData\Local\Programs\MiKTeX\tex/generic/pgf/basiclayer\pgfcorescopes.code.tex
File: pgfcorescopes.code.tex 2025-08-29 v3.1.11a (3.1.11a)
\pgfpic=\box55
\pgf@hbox=\box56
\pgf@layerbox@main=\box57
\pgf@picture@serial@count=\count297
) (C:\Users\gonca\AppData\Local\Programs\MiKTeX\tex/generic/pgf/basiclayer\pgfcoregraphicstate.code.tex
File: pgfcoregraphicstate.code.tex 2025-08-29 v3.1.11a (3.1.11a)
\pgflinewidth=\dimen195
) (C:\Users\gonca\AppData\Local\Programs\MiKTeX\tex/generic/pgf/basiclayer\pgfcoretransformations.code.tex
File: pgfcoretransformations.code.tex 2025-08-29 v3.1.11a (3.1.11a)
\pgf@pt@x=\dimen196
\pgf@pt@y=\dimen197
\pgf@pt@temp=\dimen198
) (C:\Users\gonca\AppData\Local\Programs\MiKTeX\tex/generic/pgf/basiclayer\pgfcorequick.code.tex
File: pgfcorequick.code.tex 2025-08-29 v3.1.11a (3.1.11a)
) (C:\Users\gonca\AppData\Local\Programs\MiKTeX\tex/generic/pgf/basiclayer\pgfcoreobjects.code.tex
File: pgfcoreobjects.code.tex 2025-08-29 v3.1.11a (3.1.11a)
) (C:\Users\gonca\AppData\Local\Programs\MiKTeX\tex/generic/pgf/basiclayer\pgfcorepathprocessing.code.tex
File: pgfcorepathprocessing.code.tex 2025-08-29 v3.1.11a (3.1.11a)
) (C:\Users\gonca\AppData\Local\Programs\MiKTeX\tex/generic/pgf/basiclayer\pgfcorearrows.code.tex
File: pgfcorearrows.code.tex 2025-08-29 v3.1.11a (3.1.11a)
\pgfarrowsep=\dimen199
) (C:\Users\gonca\AppData\Local\Programs\MiKTeX\tex/generic/pgf/basiclayer\pgfcoreshade.code.tex
File: pgfcoreshade.code.tex 2025-08-29 v3.1.11a (3.1.11a)
\pgf@max=\dimen256
\pgf@sys@shading@range@num=\count298
\pgf@shadingcount=\count299
) (C:\Users\gonca\AppData\Local\Programs\MiKTeX\tex/generic/pgf/basiclayer\pgfcoreimage.code.tex
File: pgfcoreimage.code.tex 2025-08-29 v3.1.11a (3.1.11a)
) (C:\Users\gonca\AppData\Local\Programs\MiKTeX\tex/generic/pgf/basiclayer\pgfcoreexternal.code.tex
File: pgfcoreexternal.code.tex 2025-08-29 v3.1.11a (3.1.11a)
\pgfexternal@startupbox=\box58
) (C:\Users\gonca\AppData\Local\Programs\MiKTeX\tex/generic/pgf/basiclayer\pgfcorelayers.code.tex
File: pgfcorelayers.code.tex 2025-08-29 v3.1.11a (3.1.11a)
) (C:\Users\gonca\AppData\Local\Programs\MiKTeX\tex/generic/pgf/basiclayer\pgfcoretransparency.code.tex
File: pgfcoretransparency.code.tex 2025-08-29 v3.1.11a (3.1.11a)
) (C:\Users\gonca\AppData\Local\Programs\MiKTeX\tex/generic/pgf/basiclayer\pgfcorepatterns.code.tex
File: pgfcorepatterns.code.tex 2025-08-29 v3.1.11a (3.1.11a)
) (C:\Users\gonca\AppData\Local\Programs\MiKTeX\tex/generic/pgf/basiclayer\pgfcorerdf.code.tex
File: pgfcorerdf.code.tex 2025-08-29 v3.1.11a (3.1.11a)
))) (C:\Users\gonca\AppData\Local\Programs\MiKTeX\tex/generic/pgf/modules\pgfmoduleshapes.code.tex
File: pgfmoduleshapes.code.tex 2025-08-29 v3.1.11a (3.1.11a)
\pgfnodeparttextbox=\box59
) (C:\Users\gonca\AppData\Local\Programs\MiKTeX\tex/generic/pgf/modules\pgfmoduleplot.code.tex
File: pgfmoduleplot.code.tex 2025-08-29 v3.1.11a (3.1.11a)
) (C:\Users\gonca\AppData\Local\Programs\MiKTeX\tex/latex/pgf/compatibility\pgfcomp-version-0-65.sty
Package: pgfcomp-version-0-65 2025-08-29 v3.1.11a (3.1.11a)
\pgf@nodesepstart=\dimen257
\pgf@nodesepend=\dimen258
) (C:\Users\gonca\AppData\Local\Programs\MiKTeX\tex/latex/pgf/compatibility\pgfcomp-version-1-18.sty
Package: pgfcomp-version-1-18 2025-08-29 v3.1.11a (3.1.11a)
)) (C:\Users\gonca\AppData\Local\Programs\MiKTeX\tex/latex/pgf/utilities\pgffor.sty (C:\Users\gonca\AppData\Local\Programs\MiKTeX\tex/latex/pgf/utilities\pgfkeys.sty (C:\Users\gonca\AppData\Local\Programs\MiKTeX\tex/generic/pgf/utilities\pgfkeys.code.tex)) (C:\Users\gonca\AppData\Local\Programs\MiKTeX\tex/latex/pgf/math\pgfmath.sty (C:\Users\gonca\AppData\Local\Programs\MiKTeX\tex/generic/pgf/math\pgfmath.code.tex)) (C:\Users\gonca\AppData\Local\Programs\MiKTeX\tex/generic/pgf/utilities\pgffor.code.tex
Package: pgffor 2025-08-29 v3.1.11a (3.1.11a)
\pgffor@iter=\dimen259
\pgffor@skip=\dimen260
\pgffor@stack=\toks30
\pgffor@toks=\toks31
)) (C:\Users\gonca\AppData\Local\Programs\MiKTeX\tex/generic/pgf/frontendlayer/tikz\tikz.code.tex
Package: tikz 2025-08-29 v3.1.11a (3.1.11a)
 (C:\Users\gonca\AppData\Local\Programs\MiKTeX\tex/generic/pgf/libraries\pgflibraryplothandlers.code.tex
File: pgflibraryplothandlers.code.tex 2025-08-29 v3.1.11a (3.1.11a)
\pgf@plot@mark@count=\count300
\pgfplotmarksize=\dimen261
)
\tikz@lastx=\dimen262
\tikz@lasty=\dimen263
\tikz@lastxsaved=\dimen264
\tikz@lastysaved=\dimen265
\tikz@lastmovetox=\dimen266
\tikz@lastmovetoy=\dimen267
\tikzleveldistance=\dimen268
\tikzsiblingdistance=\dimen269
\tikz@figbox=\box60
\tikz@figbox@bg=\box61
\tikz@tempbox=\box62
\tikz@tempbox@bg=\box63
\tikztreelevel=\count301
\tikznumberofchildren=\count302
\tikznumberofcurrentchild=\count303
\tikz@fig@count=\count304
 (C:\Users\gonca\AppData\Local\Programs\MiKTeX\tex/generic/pgf/modules\pgfmodulematrix.code.tex
File: pgfmodulematrix.code.tex 2025-08-29 v3.1.11a (3.1.11a)
\pgfmatrixcurrentrow=\count305
\pgfmatrixcurrentcolumn=\count306
\pgf@matrix@numberofcolumns=\count307
)
\tikz@expandcount=\count308
 (C:\Users\gonca\AppData\Local\Programs\MiKTeX\tex/generic/pgf/frontendlayer/tikz/libraries\tikzlibrarytopaths.code.tex
File: tikzlibrarytopaths.code.tex 2025-08-29 v3.1.11a (3.1.11a)
))) (C:\Users\gonca\AppData\Local\Programs\MiKTeX\tex/latex/circuitikz\circuitikz.sty
Package: circuitikz 2025/11/23{} The CircuiTikz circuit drawing package version 1.8.3
 (C:\Users\gonca\AppData\Local\Programs\MiKTeX\tex/generic/pgf/frontendlayer/tikz/libraries\tikzlibrarycalc.code.tex
File: tikzlibrarycalc.code.tex 2025-08-29 v3.1.11a (3.1.11a)
) (C:\Users\gonca\AppData\Local\Programs\MiKTeX\tex/generic/pgf/libraries\pgflibraryarrows.meta.code.tex
File: pgflibraryarrows.meta.code.tex 2025-08-29 v3.1.11a (3.1.11a)
\pgfarrowinset=\dimen270
\pgfarrowlength=\dimen271
\pgfarrowwidth=\dimen272
\pgfarrowlinewidth=\dimen273
) (C:\Users\gonca\AppData\Local\Programs\MiKTeX\tex/generic/pgf/frontendlayer/tikz/libraries\tikzlibrarybending.code.tex
File: tikzlibrarybending.code.tex 2025-08-29 v3.1.11a (3.1.11a)
 (C:\Users\gonca\AppData\Local\Programs\MiKTeX\tex/generic/pgf/modules\pgfmodulebending.code.tex
File: pgfmodulebending.code.tex 2025-08-29 v3.1.11a (3.1.11a)
 (C:\Users\gonca\AppData\Local\Programs\MiKTeX\tex/generic/pgf/modules\pgfmodulenonlineartransformations.code.tex
File: pgfmodulenonlineartransformations.code.tex 2025-08-29 v3.1.11a (3.1.11a)
\pgftransformnonlinearflatness=\dimen274
) (C:\Users\gonca\AppData\Local\Programs\MiKTeX\tex/generic/pgf/libraries\pgflibrarycurvilinear.code.tex
File: pgflibrarycurvilinear.code.tex 2025-08-29 v3.1.11a (3.1.11a)
\pgf@curvilinear@time@a=\dimen275
\pgf@curvilinear@length@a=\dimen276
\pgf@curvilinear@length@b=\dimen277
\pgf@curvilinear@length@c=\dimen278
\pgf@curvilinear@length@d=\dimen279
)
\pgf@arrows@the@rigidity=\dimen280
)) (C:\Users\gonca\AppData\Local\Programs\MiKTeX\tex/generic/pgf/frontendlayer/tikz/libraries\tikzlibraryfpu.code.tex (C:\Users\gonca\AppData\Local\Programs\MiKTeX\tex/generic/pgf/libraries\pgflibraryfpu.code.tex)) (C:\Users\gonca\AppData\Local\Programs\MiKTeX\tex/generic/circuitikz\pgfcirc.defines.tex
\pgf@circ@count@a=\count309
\pgf@circ@count@b=\count310
\pgf@circ@count@c=\count311
\pgf@circ@res@up=\dimen281
\pgf@circ@res@down=\dimen282
\pgf@circ@res@zero=\dimen283
\pgf@circ@res@left=\dimen284
\pgf@circ@res@right=\dimen285
\pgf@circ@res@other=\dimen286
\pgf@circ@res@step=\dimen287
\pgf@circ@res@temp=\dimen288
\pgf@circ@Rlen=\dimen289
\pgf@circ@scaled@Rlen=\dimen290
\pgfstartlinewidth=\dimen291
) (C:\Users\gonca\AppData\Local\Programs\MiKTeX\tex/generic/circuitikz\pgfcircutils.tex
\ctikz@scratchbox=\box64
) (C:\Users\gonca\AppData\Local\Programs\MiKTeX\tex/generic/circuitikz\pgfcircpath.tex) (C:\Users\gonca\AppData\Local\Programs\MiKTeX\tex/generic/circuitikz\pgfcircshapes.tex) (C:\Users\gonca\AppData\Local\Programs\MiKTeX\tex/generic/circuitikz\pgfcircmonopoles.tex) (C:\Users\gonca\AppData\Local\Programs\MiKTeX\tex/generic/circuitikz\pgfcircbipoles.tex) (C:\Users\gonca\AppData\Local\Programs\MiKTeX\tex/generic/circuitikz\pgfcirctripoles.tex
\pgf@circ@res@count=\count312
) (C:\Users\gonca\AppData\Local\Programs\MiKTeX\tex/generic/circuitikz\pgfcircquadpoles.tex) (C:\Users\gonca\AppData\Local\Programs\MiKTeX\tex/generic/circuitikz\pgfcircmultipoles.tex) (C:\Users\gonca\AppData\Local\Programs\MiKTeX\tex/generic/circuitikz\pgfcirclabel.tex) (C:\Users\gonca\AppData\Local\Programs\MiKTeX\tex/generic/circuitikz\pgfcircvoltage.tex
\pgfcirc@labelshift=\dimen292
) (C:\Users\gonca\AppData\Local\Programs\MiKTeX\tex/generic/circuitikz\pgfcirccurrent.tex) (C:\Users\gonca\AppData\Local\Programs\MiKTeX\tex/generic/circuitikz\pgfcircflow.tex)) (C:\Users\gonca\AppData\Local\Programs\MiKTeX\tex/latex/svg\svg.sty
Package: svg 2020/11/26 v2.02k (include SVG pictures)
 (C:\Users\gonca\AppData\Local\Programs\MiKTeX\tex/generic/iftex\iftex.sty
Package: iftex 2024/12/12 v1.0g TeX engine tests
) (C:\Users\gonca\AppData\Local\Programs\MiKTeX\tex/latex/koma-script\scrbase.sty
Package: scrbase 2025/12/01 v3.49 KOMA-Script package (KOMA-Script-independent basics and keyval usage)
 (C:\Users\gonca\AppData\Local\Programs\MiKTeX\tex/latex/koma-script\scrlfile.sty
Package: scrlfile 2025/12/01 v3.49 KOMA-Script package (file load hooks)
 (C:\Users\gonca\AppData\Local\Programs\MiKTeX\tex/latex/koma-script\scrlfile-hook.sty
Package: scrlfile-hook 2025/12/01 v3.49 KOMA-Script package (using LaTeX hooks)
 (C:\Users\gonca\AppData\Local\Programs\MiKTeX\tex/latex/koma-script\scrlogo.sty
Package: scrlogo 2025/12/01 v3.49 KOMA-Script package (logo)
)))
Applying: [2021/05/01] Usage of raw or classic option list on input line 254.
Already applied: [0000/00/00] Usage of raw or classic option list on input line 370.
) (C:\Users\gonca\AppData\Local\Programs\MiKTeX\tex/generic/pdftexcmds\pdftexcmds.sty
Package: pdftexcmds 2020-06-27 v0.33 Utility functions of pdfTeX for LuaTeX (HO)
 (C:\Users\gonca\AppData\Local\Programs\MiKTeX\tex/generic/infwarerr\infwarerr.sty
Package: infwarerr 2019/12/03 v1.5 Providing info/warning/error messages (HO)
) (C:\Users\gonca\AppData\Local\Programs\MiKTeX\tex/generic/ltxcmds\ltxcmds.sty
Package: ltxcmds 2023-12-04 v1.26 LaTeX kernel commands for general use (HO)
)
Package pdftexcmds Info: \pdf@primitive is available.
Package pdftexcmds Info: \pdf@ifprimitive is available.
Package pdftexcmds Info: \pdfdraftmode found.
) (C:\Users\gonca\AppData\Local\Programs\MiKTeX\tex/latex/trimspaces\trimspaces.sty
Package: trimspaces 2009/09/17 v1.1 Trim spaces around a token list
) (C:\Users\gonca\AppData\Local\Programs\MiKTeX\tex/latex/tools\shellesc.sty
Package: shellesc 2023/07/08 v1.0d unified shell escape interface for LaTeX
Package shellesc Info: Restricted shell escape enabled on input line 77.
)
\c@svg@param@lastpage=\count313
\svg@box=\box65
\c@svg@param@currpage=\count314
)
(C:\Users\gonca\AppData\Local\Programs\MiKTeX\tex/latex/transparent\transparent.sty
Package: transparent 2025-06-23 v1.6 Transparency with color stacks
 (C:\Users\gonca\AppData\Local\Programs\MiKTeX\tex/latex/transparent\transparent-nometadata.sty
Package: transparent-nometadata 2025-06-23 v1.6 Transparency via pdfTeX's color stack (HO)
 (C:\Users\gonca\AppData\Local\Programs\MiKTeX\tex/latex/auxhook\auxhook.sty
Package: auxhook 2019-12-17 v1.6 Hooks for auxiliary files (HO)
))) (C:\Users\gonca\AppData\Local\Programs\MiKTeX\tex/latex/amsmath\amsmath.sty
Package: amsmath 2025/06/16 v2.17y AMS math features
\@mathmargin=\skip51

For additional information on amsmath, use the `?' option.
(C:\Users\gonca\AppData\Local\Programs\MiKTeX\tex/latex/amsmath\amstext.sty
Package: amstext 2024/11/17 v2.01 AMS text
 (C:\Users\gonca\AppData\Local\Programs\MiKTeX\tex/latex/amsmath\amsgen.sty
File: amsgen.sty 1999/11/30 v2.0 generic functions
\@emptytoks=\toks32
\ex@=\dimen293
)) (C:\Users\gonca\AppData\Local\Programs\MiKTeX\tex/latex/amsmath\amsbsy.sty
Package: amsbsy 1999/11/29 v1.2d Bold Symbols
\pmbraise@=\dimen294
) (C:\Users\gonca\AppData\Local\Programs\MiKTeX\tex/latex/amsmath\amsopn.sty
Package: amsopn 2022/04/08 v2.04 operator names
)
\inf@bad=\count315
LaTeX Info: Redefining \frac on input line 233.
\uproot@=\count316
\leftroot@=\count317
LaTeX Info: Redefining \overline on input line 398.
LaTeX Info: Redefining \colon on input line 409.
\classnum@=\count318
\DOTSCASE@=\count319
LaTeX Info: Redefining \ldots on input line 495.
LaTeX Info: Redefining \dots on input line 498.
LaTeX Info: Redefining \cdots on input line 619.
\Mathstrutbox@=\box66
\strutbox@=\box67
LaTeX Info: Redefining \big on input line 721.
LaTeX Info: Redefining \Big on input line 722.
LaTeX Info: Redefining \bigg on input line 723.
LaTeX Info: Redefining \Bigg on input line 724.
\big@size=\dimen295
LaTeX Font Info:    Redeclaring font encoding OML on input line 742.
LaTeX Font Info:    Redeclaring font encoding OMS on input line 743.
\macc@depth=\count320
LaTeX Info: Redefining \bmod on input line 904.
LaTeX Info: Redefining \pmod on input line 909.
LaTeX Info: Redefining \smash on input line 939.
LaTeX Info: Redefining \relbar on input line 969.
LaTeX Info: Redefining \Relbar on input line 970.
\c@MaxMatrixCols=\count321
\dotsspace@=\muskip17
\c@parentequation=\count322
\dspbrk@lvl=\count323
\tag@help=\toks33
\row@=\count324
\column@=\count325
\maxfields@=\count326
\andhelp@=\toks34
\eqnshift@=\dimen296
\alignsep@=\dimen297
\tagshift@=\dimen298
\tagwidth@=\dimen299
\totwidth@=\dimen300
\lineht@=\dimen301
\@envbody=\toks35
\multlinegap=\skip52
\multlinetaggap=\skip53
\mathdisplay@stack=\toks36
LaTeX Info: Redefining \[ on input line 2949.
LaTeX Info: Redefining \] on input line 2950.
) (C:\Users\gonca\AppData\Local\Programs\MiKTeX\tex/generic/pgf/frontendlayer/tikz/libraries\tikzlibrarypositioning.code.tex
File: tikzlibrarypositioning.code.tex 2025-08-29 v3.1.11a (3.1.11a)
) (C:\Users\gonca\AppData\Local\Programs\MiKTeX\tex/generic/pgf/frontendlayer/tikz/libraries\tikzlibraryshapes.geometric.code.tex
File: tikzlibraryshapes.geometric.code.tex 2025-08-29 v3.1.11a (3.1.11a)
 (C:\Users\gonca\AppData\Local\Programs\MiKTeX\tex/generic/pgf/libraries/shapes\pgflibraryshapes.geometric.code.tex
File: pgflibraryshapes.geometric.code.tex 2025-08-29 v3.1.11a (3.1.11a)
)) (feupteses.sty
Package: feupteses 2024/10/07 1.1.3 

Document Style `FEUP Teses' 1.1.3 <2024/10/07>
(C:\Users\gonca\AppData\Local\Programs\MiKTeX\tex/generic/iftex\ifpdf.sty
Package: ifpdf 2019/10/25 v3.4 ifpdf legacy package. Use iftex instead.
) (C:\Users\gonca\AppData\Local\Programs\MiKTeX\tex/latex/base\fontenc.sty
Package: fontenc 2024/12/21 v2.1c Standard LaTeX package
) (C:\Users\gonca\AppData\Local\Programs\MiKTeX\tex/generic/babel\babel.sty
Package: babel 2025/08/03 v25.12 The multilingual framework for LuaLaTeX, pdfLaTeX and XeLaTeX
\babel@savecnt=\count327
LaTeX Encoding Info:    Redeclaring text command \ij (encoding OT1) on input line 2045.
LaTeX Encoding Info:    Redeclaring text command \IJ (encoding OT1) on input line 2047.
LaTeX Encoding Info:    Redeclaring text command \ij (encoding T1) on input line 2049.
LaTeX Encoding Info:    Redeclaring text command \IJ (encoding T1) on input line 2050.
LaTeX Encoding Info:    Ignoring declaration for text command \ij (encoding ?) on input line 2051.
LaTeX Encoding Info:    Ignoring declaration for text command \IJ (encoding ?) on input line 2053.
LaTeX Encoding Info:    Ignoring declaration for text command \SS (encoding ?) on input line 2078.
\U@D=\dimen302
\l@unhyphenated=\language79
 (C:\Users\gonca\AppData\Local\Programs\MiKTeX\tex/generic/babel\txtbabel.def)
\bbl@readstream=\read3
\bbl@dirlevel=\count328

*************************************
* Local config file bblopts.cfg used
*
(C:\Users\gonca\AppData\Local\Programs\MiKTeX\tex/latex/arabi\bblopts.cfg
File: bblopts.cfg 2005/09/08 v0.1 add Arabic and Farsi to "declared" options of babel
) (C:\Users\gonca\AppData\Local\Programs\MiKTeX\tex/latex/babel-english\english.ldf
Language: english 2017/06/06 v3.3r English support from the babel system
 (C:\Users\gonca\AppData\Local\Programs\MiKTeX\tex/generic/babel/locale/en\babel-english.tex
Package babel Info: Importing font and identification data for english
(babel)             from babel-en.ini. Reported on input line 12.
)
Package babel Info: Hyphen rules for 'canadian' set to \l@english
(babel)             (\language0). Reported on input line 102.
Package babel Info: Hyphen rules for 'australian' set to \l@ukenglish
(babel)             (\language73). Reported on input line 105.
Package babel Info: Hyphen rules for 'newzealand' set to \l@ukenglish
(babel)             (\language73). Reported on input line 108.
)) (C:\Users\gonca\AppData\Local\Programs\MiKTeX\tex/latex/geometry\geometry.sty
Package: geometry 2020/01/02 v5.9 Page Geometry
 (C:\Users\gonca\AppData\Local\Programs\MiKTeX\tex/generic/iftex\ifvtex.sty
Package: ifvtex 2019/10/25 v1.7 ifvtex legacy package. Use iftex instead.
)
\Gm@cnth=\count329
\Gm@cntv=\count330
\c@Gm@tempcnt=\count331
\Gm@bindingoffset=\dimen303
\Gm@wd@mp=\dimen304
\Gm@odd@mp=\dimen305
\Gm@even@mp=\dimen306
\Gm@layoutwidth=\dimen307
\Gm@layoutheight=\dimen308
\Gm@layouthoffset=\dimen309
\Gm@layoutvoffset=\dimen310
\Gm@dimlist=\toks37
 (C:\Users\gonca\AppData\Local\Programs\MiKTeX\tex/latex/geometry\geometry.cfg)) (C:\Users\gonca\AppData\Local\Programs\MiKTeX\tex/latex/psnfss\mathptmx.sty
Package: mathptmx 2020/03/25 PSNFSS-v9.3 Times w/ Math, improved (SPQR, WaS) 
LaTeX Font Info:    Redeclaring symbol font `operators' on input line 28.
LaTeX Font Info:    Overwriting symbol font `operators' in version `normal'
(Font)                  OT1/cmr/m/n --> OT1/ztmcm/m/n on input line 28.
LaTeX Font Info:    Overwriting symbol font `operators' in version `bold'
(Font)                  OT1/cmr/bx/n --> OT1/ztmcm/m/n on input line 28.
LaTeX Font Info:    Redeclaring symbol font `letters' on input line 29.
LaTeX Font Info:    Overwriting symbol font `letters' in version `normal'
(Font)                  OML/cmm/m/it --> OML/ztmcm/m/it on input line 29.
LaTeX Font Info:    Overwriting symbol font `letters' in version `bold'
(Font)                  OML/cmm/b/it --> OML/ztmcm/m/it on input line 29.
LaTeX Font Info:    Redeclaring symbol font `symbols' on input line 30.
LaTeX Font Info:    Overwriting symbol font `symbols' in version `normal'
(Font)                  OMS/cmsy/m/n --> OMS/ztmcm/m/n on input line 30.
LaTeX Font Info:    Overwriting symbol font `symbols' in version `bold'
(Font)                  OMS/cmsy/b/n --> OMS/ztmcm/m/n on input line 30.
LaTeX Font Info:    Redeclaring symbol font `largesymbols' on input line 31.
LaTeX Font Info:    Overwriting symbol font `largesymbols' in version `normal'
(Font)                  OMX/cmex/m/n --> OMX/ztmcm/m/n on input line 31.
LaTeX Font Info:    Overwriting symbol font `largesymbols' in version `bold'
(Font)                  OMX/cmex/m/n --> OMX/ztmcm/m/n on input line 31.
\symbold=\mathgroup4
\symitalic=\mathgroup5
LaTeX Font Info:    Redeclaring math alphabet \mathbf on input line 34.
LaTeX Font Info:    Overwriting math alphabet `\mathbf' in version `normal'
(Font)                  OT1/cmr/bx/n --> OT1/ptm/bx/n on input line 34.
LaTeX Font Info:    Overwriting math alphabet `\mathbf' in version `bold'
(Font)                  OT1/cmr/bx/n --> OT1/ptm/bx/n on input line 34.
LaTeX Font Info:    Redeclaring math alphabet \mathit on input line 35.
LaTeX Font Info:    Overwriting math alphabet `\mathit' in version `normal'
(Font)                  OT1/cmr/m/it --> OT1/ptm/m/it on input line 35.
LaTeX Font Info:    Overwriting math alphabet `\mathit' in version `bold'
(Font)                  OT1/cmr/bx/it --> OT1/ptm/m/it on input line 35.
LaTeX Info: Redefining \hbar on input line 50.
) (C:\Users\gonca\AppData\Local\Programs\MiKTeX\tex/latex/courier-scaled\couriers.sty
Package: couriers 2004/07/10 Scaled Courier (HS) 
) (C:\Users\gonca\AppData\Local\Programs\MiKTeX\tex/latex/psnfss\helvet.sty
Package: helvet 2020/03/25 PSNFSS-v9.3 (WaS) 
) (C:\Users\gonca\AppData\Local\Programs\MiKTeX\tex/latex/pgfgantt\pgfgantt.sty
Package: pgfgantt 2024/06/19 v5.0a Draw Gantt diagrams with TikZ
 (C:\Users\gonca\AppData\Local\Programs\MiKTeX\tex/generic/pgf/frontendlayer/tikz/libraries\tikzlibraryarrows.code.tex
File: tikzlibraryarrows.code.tex 2025-08-29 v3.1.11a (3.1.11a)
 (C:\Users\gonca\AppData\Local\Programs\MiKTeX\tex/generic/pgf/libraries\pgflibraryarrows.code.tex
File: pgflibraryarrows.code.tex 2025-08-29 v3.1.11a (3.1.11a)
\arrowsize=\dimen311
)) (C:\Users\gonca\AppData\Local\Programs\MiKTeX\tex/generic/pgf/frontendlayer/tikz/libraries\tikzlibrarybackgrounds.code.tex
File: tikzlibrarybackgrounds.code.tex 2025-08-29 v3.1.11a (3.1.11a)
\pgf@layerbox@background=\box68
\pgf@layerboxsaved@background=\box69
) (C:\Users\gonca\AppData\Local\Programs\MiKTeX\tex/generic/pgf/frontendlayer/tikz/libraries\tikzlibrarypatterns.code.tex
File: tikzlibrarypatterns.code.tex 2025-08-29 v3.1.11a (3.1.11a)
 (C:\Users\gonca\AppData\Local\Programs\MiKTeX\tex/generic/pgf/libraries\pgflibrarypatterns.code.tex
File: pgflibrarypatterns.code.tex 2025-08-29 v3.1.11a (3.1.11a)
)) (C:\Users\gonca\AppData\Local\Programs\MiKTeX\tex/latex/pgf/utilities\pgfcalendar.sty (C:\Users\gonca\AppData\Local\Programs\MiKTeX\tex/generic/pgf/utilities\pgfcalendar.code.tex
File: pgfcalendar.code.tex 2025-08-29 v3.1.11a (3.1.11a)
\pgfcalendarcurrentjulian=\count332
\pgf@cal@easter@Y=\count333
\pgf@cal@easter@G=\count334
\pgf@cal@easter@C=\count335
\pgf@cal@easter@X=\count336
\pgf@cal@easter@Z=\count337
\pgf@cal@easter@D=\count338
\pgf@cal@easter@E=\count339
\pgf@cal@easter@N=\count340
\pgf@cal@easter@M=\count341
\pgf@cal@easter@julianday=\count342
))
\gtt@currentline=\count343
\gtt@lasttitleline=\count344
\gtt@currgrid=\count345
\gtt@chartwidth=\count346
\gtt@lasttitleslot=\count347
\gtt@elementid=\count348
\gtt@today@slot=\count349
\gtt@startjulian=\count350
\gtt@endjulian=\count351
\gtt@chartid=\count352
\gtt@vrule@slot=\count353
\gtt@calendar@slots=\count354
\gtt@calendar@weeknumber=\count355
\gtt@calendar@startofweek=\count356
\gtt@left@slot=\count357
\gtt@right@slot=\count358
) (C:\Users\gonca\AppData\Local\Programs\MiKTeX\tex/latex/url\url.sty
\Urlmuskip=\muskip18
Package: url 2013/09/16  ver 3.4  Verb mode for urls, etc.
) (C:\Users\gonca\AppData\Local\Programs\MiKTeX\tex/latex/setspace\setspace.sty
Package: setspace 2022/12/04 v6.7b set line spacing
) (C:\Users\gonca\AppData\Local\Programs\MiKTeX\tex/latex/base\makeidx.sty
Package: makeidx 2021/10/04 v1.0m Standard LaTeX package
) (C:\Users\gonca\AppData\Local\Programs\MiKTeX\tex/latex/caption\caption.sty
Package: caption 2023/08/05 v3.6o Customizing captions (AR)
 (C:\Users\gonca\AppData\Local\Programs\MiKTeX\tex/latex/caption\caption3.sty
Package: caption3 2023/07/31 v2.4d caption3 kernel (AR)
\caption@tempdima=\dimen312
\captionmargin=\dimen313
\caption@leftmargin=\dimen314
\caption@rightmargin=\dimen315
\caption@width=\dimen316
\caption@indent=\dimen317
\caption@parindent=\dimen318
\caption@hangindent=\dimen319
Package caption Info: Standard document class detected.
)
\c@caption@flags=\count359
\c@continuedfloat=\count360
) (C:\Users\gonca\AppData\Local\Programs\MiKTeX\tex/latex/float\float.sty
Package: float 2001/11/08 v1.3d Float enhancements (AL)
\c@float@type=\count361
\float@exts=\toks38
\float@box=\box70
\@float@everytoks=\toks39
\@floatcapt=\box71
) (C:\Users\gonca\AppData\Local\Programs\MiKTeX\tex/latex/multirow\multirow.sty
Package: multirow 2024/11/12 v2.9 Span multiple rows of a table
\multirow@colwidth=\skip54
\multirow@cntb=\count362
\multirow@dima=\skip55
\bigstrutjot=\dimen320
) (C:\Users\gonca\AppData\Local\Programs\MiKTeX\tex/latex/lineno\lineno.sty
Package: lineno 2025/05/13 line numbers on paragraphs v5.5
 (C:\Users\gonca\AppData\Local\Programs\MiKTeX\tex/latex/etoolbox\etoolbox.sty
Package: etoolbox 2025/02/11 v2.5l e-TeX tools for LaTeX (JAW)
\etb@tempcnta=\count363
) (C:\Users\gonca\AppData\Local\Programs\MiKTeX\tex/latex/kvoptions\kvoptions.sty
Package: kvoptions 2022-06-15 v3.15 Key value format for package options (HO)
 (C:\Users\gonca\AppData\Local\Programs\MiKTeX\tex/latex/kvsetkeys\kvsetkeys.sty
Package: kvsetkeys 2022-10-05 v1.19 Key value parser (HO)
))
\linenopenalty=\count364
\output=\toks40
\linenoprevgraf=\count365
\linenumbersep=\dimen321
\linenumberwidth=\dimen322
\c@linenumber=\count366
\c@pagewiselinenumber=\count367
\c@LN@truepage=\count368
\c@internallinenumber=\count369
\c@internallinenumbers=\count370
\quotelinenumbersep=\dimen323
\bframerule=\dimen324
\bframesep=\dimen325
\bframebox=\box72
\@LN@amsmath@ams@eqpen=\count371
) (C:\Users\gonca\AppData\Local\Programs\MiKTeX\tex/latex/csquotes\csquotes.sty
Package: csquotes 2024-04-04 v5.2o context-sensitive quotations (JAW)
\csq@reset=\count372
\csq@gtype=\count373
\csq@glevel=\count374
\csq@qlevel=\count375
\csq@maxlvl=\count376
\csq@tshold=\count377
\csq@ltx@everypar=\toks41
 (C:\Users\gonca\AppData\Local\Programs\MiKTeX\tex/latex/csquotes\csquotes.def
File: csquotes.def 2024-04-04 v5.2o csquotes generic definitions (JAW)
)
Package csquotes Info: Trying to load configuration file 'csquotes.cfg'...
Package csquotes Info: ... configuration file loaded successfully.
 (C:\Users\gonca\AppData\Local\Programs\MiKTeX\tex/latex/csquotes\csquotes.cfg
File: csquotes.cfg 
)) (C:\Users\gonca\AppData\Local\Programs\MiKTeX\tex/latex/biblatex\biblatex.sty
Package: biblatex 2025/07/10 v3.21 programmable bibliographies (PK/MW)
 (C:\Users\gonca\AppData\Local\Programs\MiKTeX\tex/latex/logreq\logreq.sty
Package: logreq 2010/08/04 v1.0 xml request logger
\lrq@indent=\count378
 (C:\Users\gonca\AppData\Local\Programs\MiKTeX\tex/latex/logreq\logreq.def
File: logreq.def 2010/08/04 v1.0 logreq spec v1.0
)) (C:\Users\gonca\AppData\Local\Programs\MiKTeX\tex/latex/base\ifthen.sty
Package: ifthen 2024/03/16 v1.1e Standard LaTeX ifthen package (DPC)
)
\c@tabx@nest=\count379
\c@listtotal=\count380
\c@listcount=\count381
\c@liststart=\count382
\c@liststop=\count383
\c@citecount=\count384
\c@citetotal=\count385
\c@multicitecount=\count386
\c@multicitetotal=\count387
\c@instcount=\count388
\c@maxnames=\count389
\c@minnames=\count390
\c@maxitems=\count391
\c@minitems=\count392
\c@citecounter=\count393
\c@maxcitecounter=\count394
\c@savedcitecounter=\count395
\c@uniquelist=\count396
\c@uniquename=\count397
\c@refsection=\count398
\c@refsegment=\count399
\c@maxextratitle=\count400
\c@maxextratitleyear=\count401
\c@maxextraname=\count402
\c@maxextradate=\count403
\c@maxextraalpha=\count404
\c@abbrvpenalty=\count405
\c@highnamepenalty=\count406
\c@lownamepenalty=\count407
\c@maxparens=\count408
\c@parenlevel=\count409
\blx@tempcnta=\count410
\blx@tempcntb=\count411
\blx@tempcntc=\count412
\c@blx@maxsection=\count413
\blx@maxsegment@0=\count414
\blx@notetype=\count415
\blx@parenlevel@text=\count416
\blx@parenlevel@foot=\count417
\blx@sectionciteorder@0=\count418
\blx@sectionciteorderinternal@0=\count419
\blx@entrysetcounter=\count420
\blx@biblioinstance=\count421
\labelnumberwidth=\skip56
\labelalphawidth=\skip57
\biblabelsep=\skip58
\bibitemsep=\skip59
\bibnamesep=\skip60
\bibinitsep=\skip61
\bibparsep=\skip62
\bibhang=\skip63
\blx@bcfin=\read4
\blx@bcfout=\write4
\blx@langwohyphens=\language80
\c@mincomprange=\count422
\c@maxcomprange=\count423
\c@mincompwidth=\count424
Package biblatex Info: Trying to load biblatex default data model...
Package biblatex Info: ... file 'blx-dm.def' found.
 (C:\Users\gonca\AppData\Local\Programs\MiKTeX\tex/latex/biblatex\blx-dm.def
File: blx-dm.def 2025/07/10 v3.21 biblatex datamodel (PK/MW)
)
Package biblatex Info: Trying to load biblatex style data model...
Package biblatex Info: ... file 'numeric-comp.dbx' not found.
Package biblatex Info: Trying to load biblatex custom data model...
Package biblatex Info: ... file 'biblatex-dm.cfg' not found.
\c@afterword=\count425
\c@savedafterword=\count426
\c@annotator=\count427
\c@savedannotator=\count428
\c@author=\count429
\c@savedauthor=\count430
\c@bookauthor=\count431
\c@savedbookauthor=\count432
\c@commentator=\count433
\c@savedcommentator=\count434
\c@editor=\count435
\c@savededitor=\count436
\c@editora=\count437
\c@savededitora=\count438
\c@editorb=\count439
\c@savededitorb=\count440
\c@editorc=\count441
\c@savededitorc=\count442
\c@foreword=\count443
\c@savedforeword=\count444
\c@holder=\count445
\c@savedholder=\count446
\c@introduction=\count447
\c@savedintroduction=\count448
\c@namea=\count449
\c@savednamea=\count450
\c@nameb=\count451
\c@savednameb=\count452
\c@namec=\count453
\c@savednamec=\count454
\c@translator=\count455
\c@savedtranslator=\count456
\c@shortauthor=\count457
\c@savedshortauthor=\count458
\c@shorteditor=\count459
\c@savedshorteditor=\count460
\c@labelname=\count461
\c@savedlabelname=\count462
\c@institution=\count463
\c@savedinstitution=\count464
\c@lista=\count465
\c@savedlista=\count466
\c@listb=\count467
\c@savedlistb=\count468
\c@listc=\count469
\c@savedlistc=\count470
\c@listd=\count471
\c@savedlistd=\count472
\c@liste=\count473
\c@savedliste=\count474
\c@listf=\count475
\c@savedlistf=\count476
\c@location=\count477
\c@savedlocation=\count478
\c@organization=\count479
\c@savedorganization=\count480
\c@origlocation=\count481
\c@savedoriglocation=\count482
\c@origpublisher=\count483
\c@savedorigpublisher=\count484
\c@publisher=\count485
\c@savedpublisher=\count486
\c@language=\count487
\c@savedlanguage=\count488
\c@origlanguage=\count489
\c@savedoriglanguage=\count490
\c@pageref=\count491
\c@savedpageref=\count492
\shorthandwidth=\skip64
\shortjournalwidth=\skip65
\shortserieswidth=\skip66
\shorttitlewidth=\skip67
\shortauthorwidth=\skip68
\shorteditorwidth=\skip69
\locallabelnumberwidth=\skip70
\locallabelalphawidth=\skip71
\localshorthandwidth=\skip72
\localshortjournalwidth=\skip73
\localshortserieswidth=\skip74
\localshorttitlewidth=\skip75
\localshortauthorwidth=\skip76
\localshorteditorwidth=\skip77
Package biblatex Info: Trying to load compatibility code...
Package biblatex Info: ... file 'blx-compat.def' found.
 (C:\Users\gonca\AppData\Local\Programs\MiKTeX\tex/latex/biblatex\blx-compat.def
File: blx-compat.def 2025/07/10 v3.21 biblatex compatibility (PK/MW)
)
Package biblatex Info: Trying to load generic definitions...
Package biblatex Info: ... file 'biblatex.def' found.
 (C:\Users\gonca\AppData\Local\Programs\MiKTeX\tex/latex/biblatex\biblatex.def
File: biblatex.def 2025/07/10 v3.21 biblatex compatibility (PK/MW)
\c@textcitecount=\count493
\c@textcitetotal=\count494
\c@textcitemaxnames=\count495
\c@biburlbigbreakpenalty=\count496
\c@biburlbreakpenalty=\count497
\c@biburlnumpenalty=\count498
\c@biburlucpenalty=\count499
\c@biburllcpenalty=\count500
\biburlbigskip=\muskip19
\biburlnumskip=\muskip20
\biburlucskip=\muskip21
\biburllcskip=\muskip22
\c@smartand=\count501
)
Package biblatex Info: Trying to load bibliography style 'numeric-comp'...
Package biblatex Info: ... file 'numeric-comp.bbx' found.
 (C:\Users\gonca\AppData\Local\Programs\MiKTeX\tex/latex/biblatex/bbx\numeric-comp.bbx
File: numeric-comp.bbx 2025/07/10 v3.21 biblatex bibliography style (PK/MW)
Package biblatex Info: Trying to load bibliography style 'numeric'...
Package biblatex Info: ... file 'numeric.bbx' found.
 (C:\Users\gonca\AppData\Local\Programs\MiKTeX\tex/latex/biblatex/bbx\numeric.bbx
File: numeric.bbx 2025/07/10 v3.21 biblatex bibliography style (PK/MW)
Package biblatex Info: Trying to load bibliography style 'standard'...
Package biblatex Info: ... file 'standard.bbx' found.
 (C:\Users\gonca\AppData\Local\Programs\MiKTeX\tex/latex/biblatex/bbx\standard.bbx
File: standard.bbx 2025/07/10 v3.21 biblatex bibliography style (PK/MW)
\c@bbx:relatedcount=\count502
\c@bbx:relatedtotal=\count503
)))
Package biblatex Info: Trying to load citation style 'numeric-comp'...
Package biblatex Info: ... file 'numeric-comp.cbx' found.
 (C:\Users\gonca\AppData\Local\Programs\MiKTeX\tex/latex/biblatex/cbx\numeric-comp.cbx
File: numeric-comp.cbx 2025/07/10 v3.21 biblatex citation style (PK/MW)
\c@cbx@tempcnta=\count504
\c@cbx@tempcntb=\count505
\c@cbx@tempcntc=\count506
\c@cbx@tempcntd=\count507
Package biblatex Info: Redefining '\cite'.
Package biblatex Info: Redefining '\parencite'.
Package biblatex Info: Redefining '\footcite'.
Package biblatex Info: Redefining '\footcitetext'.
Package biblatex Info: Redefining '\smartcite'.
Package biblatex Info: Redefining '\supercite'.
Package biblatex Info: Redefining '\textcite'.
Package biblatex Info: Redefining '\textcites'.
Package biblatex Info: Redefining '\cites'.
Package biblatex Info: Redefining '\parencites'.
Package biblatex Info: Redefining '\smartcites'.
)
Package biblatex Info: Trying to load configuration file...
Package biblatex Info: ... file 'biblatex.cfg' found.
 (C:\Users\gonca\AppData\Local\Programs\MiKTeX\tex/latex/biblatex\biblatex.cfg
File: biblatex.cfg 
)
Package biblatex Info: Input encoding 'utf8' detected.
Package biblatex Info: Document encoding is UTF8 ....
 (C:\Users\gonca\AppData\Local\Programs\MiKTeX\tex/latex/l3kernel\expl3.sty
Package: expl3 2025-08-13 L3 programming layer (loader) 
 (C:\Users\gonca\AppData\Local\Programs\MiKTeX\tex/latex/l3backend\l3backend-pdftex.def
File: l3backend-pdftex.def 2025-06-09 L3 backend support: PDF output (pdfTeX)
\l__color_backend_stack_int=\count508
))
Package biblatex Info: ... and expl3
(biblatex)             2025-08-13 L3 programming layer (loader) 
(biblatex)             is new enough (at least 2020/04/06),
(biblatex)             setting 'casechanger=expl3'.
 (C:\Users\gonca\AppData\Local\Programs\MiKTeX\tex/latex/biblatex\blx-case-expl3.sty (C:\Users\gonca\AppData\Local\Programs\MiKTeX\tex/latex/l3packages/xparse\xparse.sty
Package: xparse 2024-08-16 L3 Experimental document command parser
)
Package: blx-case-expl3 2025/07/10 v3.21 expl3 case changing code for biblatex
))
\@vivatext=\box73
\@supervisorstext=\box74
 (C:\Users\gonca\AppData\Local\Programs\MiKTeX\tex/latex/fancyhdr\fancyhdr.sty
Package: fancyhdr 2025/02/07 v5.2 Extensive control of page headers and footers
\f@nch@headwidth=\skip78
\f@nch@offset@elh=\skip79
\f@nch@offset@erh=\skip80
\f@nch@offset@olh=\skip81
\f@nch@offset@orh=\skip82
\f@nch@offset@elf=\skip83
\f@nch@offset@erf=\skip84
\f@nch@offset@olf=\skip85
\f@nch@offset@orf=\skip86
\f@nch@height=\skip87
\f@nch@footalignment=\skip88
\f@nch@widthL=\skip89
\f@nch@widthC=\skip90
\f@nch@widthR=\skip91
\@temptokenb=\toks42
) (C:\Users\gonca\AppData\Local\Programs\MiKTeX\tex/latex/hyperref\hyperref.sty
Package: hyperref 2025-07-12 v7.01o Hypertext links for LaTeX
 (C:\Users\gonca\AppData\Local\Programs\MiKTeX\tex/generic/kvdefinekeys\kvdefinekeys.sty
Package: kvdefinekeys 2019-12-19 v1.6 Define keys (HO)
) (C:\Users\gonca\AppData\Local\Programs\MiKTeX\tex/generic/pdfescape\pdfescape.sty
Package: pdfescape 2019/12/09 v1.15 Implements pdfTeX's escape features (HO)
) (C:\Users\gonca\AppData\Local\Programs\MiKTeX\tex/latex/hycolor\hycolor.sty
Package: hycolor 2020-01-27 v1.10 Color options for hyperref/bookmark (HO)
) (C:\Users\gonca\AppData\Local\Programs\MiKTeX\tex/latex/hyperref\nameref.sty
Package: nameref 2025-06-21 v2.57 Cross-referencing by name of section
 (C:\Users\gonca\AppData\Local\Programs\MiKTeX\tex/latex/refcount\refcount.sty
Package: refcount 2019/12/15 v3.6 Data extraction from label references (HO)
) (C:\Users\gonca\AppData\Local\Programs\MiKTeX\tex/generic/gettitlestring\gettitlestring.sty
Package: gettitlestring 2019/12/15 v1.6 Cleanup title references (HO)
)
\c@section@level=\count509
) (C:\Users\gonca\AppData\Local\Programs\MiKTeX\tex/generic/stringenc\stringenc.sty
Package: stringenc 2019/11/29 v1.12 Convert strings between diff. encodings (HO)
)
\@linkdim=\dimen326
\Hy@linkcounter=\count510
\Hy@pagecounter=\count511
 (C:\Users\gonca\AppData\Local\Programs\MiKTeX\tex/latex/hyperref\pd1enc.def
File: pd1enc.def 2025-07-12 v7.01o Hyperref: PDFDocEncoding definition (HO)
Now handling font encoding PD1 ...
... no UTF-8 mapping file for font encoding PD1
) (C:\Users\gonca\AppData\Local\Programs\MiKTeX\tex/generic/intcalc\intcalc.sty
Package: intcalc 2019/12/15 v1.3 Expandable calculations with integers (HO)
)
\Hy@SavedSpaceFactor=\count512
 (C:\Users\gonca\AppData\Local\Programs\MiKTeX\tex/latex/hyperref\puenc.def
File: puenc.def 2025-07-12 v7.01o Hyperref: PDF Unicode definition (HO)
Now handling font encoding PU ...
... no UTF-8 mapping file for font encoding PU
)
Package hyperref Info: Option `pdfpagelabels' set `true' on input line 4066.
Package hyperref Info: Option `bookmarks' set `true' on input line 4066.
Package hyperref Info: Option `hyperindex' set `true' on input line 4066.
Package hyperref Info: Option `hyperfigures' set `true' on input line 4066.
Package hyperref Info: Hyper figures ON on input line 4193.
Package hyperref Info: Link nesting OFF on input line 4200.
Package hyperref Info: Hyper index ON on input line 4203.
Package hyperref Info: Plain pages OFF on input line 4210.
Package hyperref Info: Backreferencing OFF on input line 4215.
Package hyperref Info: Implicit mode ON; LaTeX internals redefined.
Package hyperref Info: Bookmarks ON on input line 4462.
\c@Hy@tempcnt=\count513
LaTeX Info: Redefining \url on input line 4801.
\XeTeXLinkMargin=\dimen327
 (C:\Users\gonca\AppData\Local\Programs\MiKTeX\tex/generic/bitset\bitset.sty
Package: bitset 2019/12/09 v1.3 Handle bit-vector datatype (HO)
 (C:\Users\gonca\AppData\Local\Programs\MiKTeX\tex/generic/bigintcalc\bigintcalc.sty
Package: bigintcalc 2019/12/15 v1.5 Expandable calculations on big integers (HO)
))
\Fld@menulength=\count514
\Field@Width=\dimen328
\Fld@charsize=\dimen329
Package hyperref Info: Hyper figures ON on input line 6076.
Package hyperref Info: Link nesting OFF on input line 6083.
Package hyperref Info: Hyper index ON on input line 6086.
Package hyperref Info: backreferencing OFF on input line 6093.
Package hyperref Info: Link coloring OFF on input line 6098.
Package hyperref Info: Link coloring with OCG OFF on input line 6103.
Package hyperref Info: PDF/A mode OFF on input line 6108.
\Hy@abspage=\count515
\c@Item=\count516
\c@Hfootnote=\count517
)
Package hyperref Info: Driver: hpdftex.
 (C:\Users\gonca\AppData\Local\Programs\MiKTeX\tex/latex/hyperref\hpdftex.def
File: hpdftex.def 2025-07-12 v7.01o Hyperref driver for pdfTeX
\Fld@listcount=\count518
\c@bookmark@seq@number=\count519
 (C:\Users\gonca\AppData\Local\Programs\MiKTeX\tex/latex/rerunfilecheck\rerunfilecheck.sty
Package: rerunfilecheck 2025-06-21 v1.11 Rerun checks for auxiliary files (HO)
 (C:\Users\gonca\AppData\Local\Programs\MiKTeX\tex/generic/uniquecounter\uniquecounter.sty
Package: uniquecounter 2019/12/15 v1.4 Provide unlimited unique counter (HO)
)
Package uniquecounter Info: New unique counter `rerunfilecheck' on input line 284.
)
\Hy@SectionHShift=\skip92
)
Package hyperref Info: Option `plainpages' set `false' on input line 540.
Package hyperref Info: Option `bookmarksopen' set `false' on input line 540.
Package hyperref Info: Option `bookmarksnumbered' set `true' on input line 540.
Package hyperref Info: Option `breaklinks' set `true' on input line 540.
Package hyperref Info: Option `linktocpage' set `true' on input line 540.
Package hyperref Info: Option `colorlinks' set `true' on input line 540.
 
File meec.cfg loaded.
(meec.cfg))
Package csquotes Info: Checking for multilingual support...
Package csquotes Info: ... found 'babel' package.
Package csquotes Info: Adjusting default style.
Package csquotes Info: Redefining alias 'default' -> 'english'.
LaTeX Font Info:    Trying to load font information for T1+ptm on input line 45.
 (C:\Users\gonca\AppData\Local\Programs\MiKTeX\tex/latex/psnfss\t1ptm.fd
File: t1ptm.fd 2001/06/04 font definitions for T1/ptm.
) (meec_thesis.aux (resumo.aux) (abstract.aux) (un-sdg.aux) (quote.aux) (abbrevs.aux) (chapter1.aux) (chapter2.aux) (chapter3.aux) (chapter4.aux) (chapter5.aux) (chapter6.aux))
\openout1 = `meec_thesis.aux'.

LaTeX Font Info:    Checking defaults for OML/cmm/m/it on input line 45.
LaTeX Font Info:    ... okay on input line 45.
LaTeX Font Info:    Checking defaults for OMS/cmsy/m/n on input line 45.
LaTeX Font Info:    ... okay on input line 45.
LaTeX Font Info:    Checking defaults for OT1/cmr/m/n on input line 45.
LaTeX Font Info:    ... okay on input line 45.
LaTeX Font Info:    Checking defaults for T1/cmr/m/n on input line 45.
LaTeX Font Info:    ... okay on input line 45.
LaTeX Font Info:    Checking defaults for TS1/cmr/m/n on input line 45.
LaTeX Font Info:    ... okay on input line 45.
LaTeX Font Info:    Checking defaults for OMX/cmex/m/n on input line 45.
LaTeX Font Info:    ... okay on input line 45.
LaTeX Font Info:    Checking defaults for U/cmr/m/n on input line 45.
LaTeX Font Info:    ... okay on input line 45.
LaTeX Font Info:    Checking defaults for PD1/pdf/m/n on input line 45.
LaTeX Font Info:    ... okay on input line 45.
LaTeX Font Info:    Checking defaults for PU/pdf/m/n on input line 45.
LaTeX Font Info:    ... okay on input line 45.
 (C:\Users\gonca\AppData\Local\Programs\MiKTeX\tex/context/base/mkii\supp-pdf.mkii
[Loading MPS to PDF converter (version 2006.09.02).]
\scratchcounter=\count520
\scratchdimen=\dimen330
\scratchbox=\box75
\nofMPsegments=\count521
\nofMParguments=\count522
\everyMPshowfont=\toks43
\MPscratchCnt=\count523
\MPscratchDim=\dimen331
\MPnumerator=\count524
\makeMPintoPDFobject=\count525
\everyMPtoPDFconversion=\toks44
) (C:\Users\gonca\AppData\Local\Programs\MiKTeX\tex/latex/epstopdf-pkg\epstopdf-base.sty
Package: epstopdf-base 2020-01-24 v2.11 Base part for package epstopdf
Package epstopdf-base Info: Redefining graphics rule for `.eps' on input line 485.
 (C:\Users\gonca\AppData\Local\Programs\MiKTeX\tex/latex/00miktex\epstopdf-sys.cfg
File: epstopdf-sys.cfg 2021/03/18 v2.0 Configuration of epstopdf for MiKTeX
))
*geometry* driver: auto-detecting
*geometry* detected driver: pdftex
*geometry* verbose mode - [ preamble ] result:
* driver: pdftex
* paper: a4paper
* layout: <same size as paper>
* layoutoffset:(h,v)=(0.0pt,0.0pt)
* modes: includehead includefoot 
* h-part:(L,W,R)=(99.58464pt, 426.79135pt, 71.13188pt)
* v-part:(T,H,B)=(56.9055pt, 731.23584pt, 56.9055pt)
* \paperwidth=597.50787pt
* \paperheight=845.04684pt
* \textwidth=426.79135pt
* \textheight=661.23584pt
* \oddsidemargin=27.31465pt
* \evensidemargin=27.31465pt
* \topmargin=-15.36449pt
* \headheight=15.5pt
* \headsep=25.0pt
* \topskip=11.0pt
* \footskip=30.0pt
* \marginparwidth=50.0pt
* \marginparsep=10.0pt
* \columnsep=10.0pt
* \skip\footins=10.0pt plus 4.0pt minus 2.0pt
* \hoffset=0.0pt
* \voffset=0.0pt
* \mag=1000
* \@twocolumnfalse
* \@twosidefalse
* \@mparswitchfalse
* \@reversemarginfalse
* (1in=72.27pt=25.4mm, 1cm=28.453pt)

Package caption Info: Begin \AtBeginDocument code.
Package caption Info: float package is loaded.
Package caption Info: hyperref package is loaded.
Package caption Info: End \AtBeginDocument code.
Package biblatex Info: Trying to load language 'english'...
Package biblatex Info: ... file 'english.lbx' found.
(C:\Users\gonca\AppData\Local\Programs\MiKTeX\tex/latex/biblatex/lbx\english.lbx
File: english.lbx 2025/07/10 v3.21 biblatex localization (PK/MW)
)
Package biblatex Info: Input encoding 'utf8' detected.
Package biblatex Info: Automatic encoding selection.
(biblatex)             Assuming data encoding 'utf8'.
\openout4 = `meec_thesis.bcf'.

Package biblatex Info: Trying to load bibliographic data...
Package biblatex Info: ... file 'meec_thesis.bbl' found.
 (meec_thesis.bbl)
Package biblatex Info: Reference section=0 on input line 45.
Package biblatex Info: Reference segment=0 on input line 45.
Package hyperref Info: Link coloring ON on input line 45.
 (meec_thesis.out) (meec_thesis.out)
\@outlinefile=\write5
\openout5 = `meec_thesis.out'.

\@crestbox=\box76
<figures/uporto-feup.pdf, id=334, 338.26375pt x 126.4725pt>
File: figures/uporto-feup.pdf Graphic file (type pdf)
<use figures/uporto-feup.pdf>
Package pdftex.def Info: figures/uporto-feup.pdf  used on input line 83.
(pdftex.def)             Requested size: 204.85983pt x 76.59618pt.


[-3


{C:/Users/gonca/AppData/Local/MiKTeX/fonts/map/pdftex/pdftex.map}{C:/Users/gonca/AppData/Local/Programs/MiKTeX/fonts/enc/dvips/base/8r.enc} <./figures/uporto-feup.pdf>]
LaTeX Font Info:    Trying to load font information for TS1+ptm on input line 83.
 (C:\Users\gonca\AppData\Local\Programs\MiKTeX\tex/latex/psnfss\ts1ptm.fd
File: ts1ptm.fd 2001/06/04 font definitions for TS1/ptm.
)

[-2

]
\openout2 = `resumo.aux'.

 (resumo.tex)

[1




]
\openout2 = `abstract.aux'.

 (abstract.tex)

[2




]
\openout2 = `un-sdg.aux'.

 (un-sdg.tex
Overfull \hbox (1.82004pt too wide) in paragraph at lines 6--8
\T1/ptm/m/n/10.95 The United Na-tions Sus-tain-able De-vel-op-ment Goals (SDGs) pro-vide a global frame-work to achieve
 []

LaTeX Font Info:    Trying to load font information for OT1+ztmcm on input line 21.
(C:\Users\gonca\AppData\Local\Programs\MiKTeX\tex/latex/psnfss\ot1ztmcm.fd
File: ot1ztmcm.fd 2000/01/03 Fontinst v1.801 font definitions for OT1/ztmcm.
)
LaTeX Font Info:    Trying to load font information for OML+ztmcm on input line 21.
 (C:\Users\gonca\AppData\Local\Programs\MiKTeX\tex/latex/psnfss\omlztmcm.fd
File: omlztmcm.fd 2000/01/03 Fontinst v1.801 font definitions for OML/ztmcm.
)
LaTeX Font Info:    Trying to load font information for OMS+ztmcm on input line 21.
 (C:\Users\gonca\AppData\Local\Programs\MiKTeX\tex/latex/psnfss\omsztmcm.fd
File: omsztmcm.fd 2000/01/03 Fontinst v1.801 font definitions for OMS/ztmcm.
)
LaTeX Font Info:    Trying to load font information for OMX+ztmcm on input line 21.
 (C:\Users\gonca\AppData\Local\Programs\MiKTeX\tex/latex/psnfss\omxztmcm.fd
File: omxztmcm.fd 2000/01/03 Fontinst v1.801 font definitions for OMX/ztmcm.
)
LaTeX Font Info:    Trying to load font information for OT1+ptm on input line 21.
 (C:\Users\gonca\AppData\Local\Programs\MiKTeX\tex/latex/psnfss\ot1ptm.fd
File: ot1ptm.fd 2001/06/04 font definitions for OT1/ptm.
)
LaTeX Font Info:    Font shape `OT1/ptm/bx/n' in size <10.95> not available
(Font)              Font shape `OT1/ptm/b/n' tried instead on input line 21.
LaTeX Font Info:    Font shape `OT1/ptm/bx/n' in size <8> not available
(Font)              Font shape `OT1/ptm/b/n' tried instead on input line 21.
LaTeX Font Info:    Font shape `OT1/ptm/bx/n' in size <6> not available
(Font)              Font shape `OT1/ptm/b/n' tried instead on input line 21.

Underfull \hbox (badness 10000) in paragraph at lines 23--24
[]\T1/ptm/b/n/10.95 Performance In-di-ca-tors and
 []

)

[3




]
\openout2 = `quote.aux'.

 (quote.tex)

[4




] (meec_thesis.toc

[5




])
\tf@toc=\write6
\openout6 = `meec_thesis.toc'.



[6] (meec_thesis.lof)
\tf@lof=\write7
\openout7 = `meec_thesis.lof'.



[7


] (meec_thesis.lot
Overfull \hbox (5.22673pt too wide) in paragraph at lines 5--5
 [][] []\T1/ptm/m/n/10.95 Comparison of Power Con-sump-tion be-tween Syn-chronous and Asyn-chronous Flash 
 []

)
\tf@lot=\write8
\openout8 = `meec_thesis.lot'.



[8


]
\openout2 = `abbrevs.aux'.

 (abbrevs.tex)

[9


]
\openout2 = `chapter1.aux'.

 (chapter1.tex
Chapter 1.

LaTeX Warning: Citation 'johns_martin_2012' on page 1 undefined on input line 25.


LaTeX Warning: Citation 'shannon_1949' on page 1 undefined on input line 31.


Overfull \hbox (5.71313pt too wide) in paragraph at lines 31--32
[]\T1/ptm/m/n/10.95 Traditional data con-ver-sion ap-proaches, based on uni-form sam-pling and dic-tated by the Nyquist-
 []

<figures/uporto.pdf, id=526, 2405.98875pt x 522.95375pt>
File: figures/uporto.pdf Graphic file (type pdf)
<use figures/uporto.pdf>
Package pdftex.def Info: figures/uporto.pdf  used on input line 35.
(pdftex.def)             Requested size: 384.1096pt x 83.48279pt.

LaTeX Warning: Citation 'lim_2013' on page 1 undefined on input line 36.


LaTeX Warning: Citation 'lim_2013' on page 1 undefined on input line 36.



[1





]

LaTeX Warning: Citation 'shannon_1949' on page 2 undefined on input line 47.


Overfull \hbox (7.85165pt too wide) in paragraph at lines 47--48
\T1/ptm/m/n/10.95 global clock sig-nal ($\OML/ztmcm/m/it/10.95 f[]$\T1/ptm/m/n/10.95 ). As es-tab-lished by the Nyquist-Shannon sam-pling the-o-rem [[]],
 []


LaTeX Warning: Citation 'baker_cmos_2010' on page 2 undefined on input line 49.



[2 <./figures/uporto.pdf>]

[3])

[4]
\openout2 = `chapter2.aux'.

 (chapter2.tex
Chapter 2.

LaTeX Warning: Citation 'johns_martin_2012' on page 5 undefined on input line 17.


LaTeX Warning: Citation 'johns_martin_2012' on page 5 undefined on input line 20.


Overfull \hbox (29.98193pt too wide) in paragraph at lines 20--21
\T1/ptm/m/n/10.95 Sampling con-verts a continuous-time sig-nal $\OML/ztmcm/m/it/10.95 x\OT1/ztmcm/m/n/10.95 (\OML/ztmcm/m/it/10.95 t\OT1/ztmcm/m/n/10.95 )$ \T1/ptm/m/n/10.95 into a discrete-time se-quence $\OML/ztmcm/m/it/10.95 x\OT1/ztmcm/m/n/10.95 [\OML/ztmcm/m/it/10.95 n\OT1/ztmcm/m/n/10.95 ]$ \T1/ptm/m/n/10.95 [[]]. 
 []


LaTeX Warning: Citation 'shannon_1949' on page 5 undefined on input line 22.



[5




]

LaTeX Warning: Citation 'johns_martin_2012' on page 6 undefined on input line 29.


LaTeX Warning: Citation 'baker_cmos_2010' on page 6 undefined on input line 39.


LaTeX Warning: Citation 'johns_martin_2012' on page 6 undefined on input line 46.


LaTeX Warning: Citation 'johns_martin_2012' on page 6 undefined on input line 49.


LaTeX Warning: Citation 'johns_martin_2012' on page 6 undefined on input line 56.



[6]

LaTeX Warning: Citation 'van_de_plassche_1994' on page 7 undefined on input line 58.


LaTeX Warning: Citation 'johns_martin_2012' on page 7 undefined on input line 61.

File: figures/uporto.pdf Graphic file (type pdf)
<use figures/uporto.pdf>
Package pdftex.def Info: figures/uporto.pdf  used on input line 66.
(pdftex.def)             Requested size: 341.43437pt x 74.21046pt.

LaTeX Warning: Citation 'matlab' on page 7 undefined on input line 67.


LaTeX Warning: Citation 'johns_martin_2012' on page 7 undefined on input line 67.


LaTeX Warning: Citation 'matlab' on page 7 undefined on input line 67.


LaTeX Warning: Citation 'johns_martin_2012' on page 7 undefined on input line 67.



[7]

LaTeX Warning: Citation 'ALCoban_1999_113' on page 8 undefined on input line 89.


LaTeX Warning: Citation 'AbhishekAgrawal_2023_100' on page 8 undefined on input line 89.


LaTeX Warning: Citation 'AmyWhitcombe_2024_101' on page 8 undefined on input line 89.


LaTeX Warning: Citation 'AnandSubramanian_2024_143' on page 8 undefined on input line 89.


LaTeX Warning: Citation 'BGregoire_2008_25' on page 8 undefined on input line 89.


LaTeX Warning: Citation 'BMalkietal_2012_47' on page 8 undefined on input line 89.


LaTeX Warning: Citation 'Balmelli_2004_119' on page 8 undefined on input line 89.


LaTeX Warning: Citation 'BenjaminHershberg_2019_30' on page 8 undefined on input line 89.


LaTeX Warning: Citation 'BramVeraverbeke_2025_91' on page 8 undefined on input line 89.


LaTeX Warning: Citation 'Breems_2007_130' on page 8 undefined on input line 89.


LaTeX Warning: Citation 'CCLiu_2010_45' on page 8 undefined on input line 89.


LaTeX Warning: Citation 'CHChan_2015_57' on page 8 undefined on input line 89.


LaTeX Warning: Citation 'CHammerschmied_1997_39' on page 8 undefined on input line 89.


LaTeX Warning: Citation 'CPochet_2022_110' on page 8 undefined on input line 89.


LaTeX Warning: Citation 'CYLee_2022_140' on page 8 undefined on input line 89.


LaTeX Warning: Citation 'CYLiouetal_2013_50' on page 8 undefined on input line 89.


LaTeX Warning: Citation 'ChengChungHsu_2007_24' on page 8 undefined on input line 89.


LaTeX Warning: Citation 'ChengEnHsieh_2025_93' on page 8 undefined on input line 89.


LaTeX Warning: Citation 'ChiYunStanleyWang_2019_138' on page 8 undefined on input line 89.


LaTeX Warning: Citation 'ChinYuLin_2016_61' on page 8 undefined on input line 89.


LaTeX Warning: Citation 'Christen_2007_131' on page 8 undefined on input line 89.


LaTeX Warning: Citation 'ChunChengLiu_2016_60' on page 8 undefined on input line 89.


LaTeX Warning: Citation 'Dezzani_2003_116' on page 8 undefined on input line 89.


LaTeX Warning: Citation 'Dorrer_2005_124' on page 8 undefined on input line 89.


LaTeX Warning: Citation 'EJanssenetal_2013_51' on page 8 undefined on input line 89.


LaTeX Warning: Citation 'EwoutMartens_2024_96' on page 8 undefined on input line 89.


LaTeX Warning: Citation 'FMYaul_2014_54' on page 8 undefined on input line 89.


LaTeX Warning: Citation 'FMichel_2011_134' on page 8 undefined on input line 89.


LaTeX Warning: Citation 'FengChen_2003_115' on page 8 undefined on input line 89.


LaTeX Warning: Citation 'Fontaine_2005_125' on page 8 undefined on input line 89.


LaTeX Warning: Citation 'Fujimoto_2006_129' on page 8 undefined on input line 89.


LaTeX Warning: Citation 'Gaggl_2004_121' on page 8 undefined on input line 89.


LaTeX Warning: Citation 'Geelen_2006_19' on page 8 undefined on input line 89.


LaTeX Warning: Citation 'GeunhaKim_2023_77' on page 8 undefined on input line 89.


LaTeX Warning: Citation 'GianHoogzaadandRafRoovers_1999_6' on page 8 undefined on input line 89.


LaTeX Warning: Citation 'Goes_2006_128' on page 8 undefined on input line 89.


LaTeX Warning: Citation 'GovertGeelenandEdwardPaulus_2004_7' on page 8 undefined on input line 89.


LaTeX Warning: Citation 'HHBoo_2015_29' on page 8 undefined on input line 89.


LaTeX Warning: Citation 'HKHong_2015_58' on page 8 undefined on input line 89.


LaTeX Warning: Citation 'HWei_2011_46' on page 8 undefined on input line 89.


LaTeX Warning: Citation 'HZhao_2022_68' on page 8 undefined on input line 89.


LaTeX Warning: Citation 'HanZhao_2025_87' on page 8 undefined on input line 89.


LaTeX Warning: Citation 'HendrikvanderPloegandRobertRemmers_1999_105' on page 8 undefined on input line 89.


LaTeX Warning: Citation 'Hesener_2007_41' on page 8 undefined on input line 89.


LaTeX Warning: Citation 'HongshuaiZhang_2023_71' on page 8 undefined on input line 89.


LaTeX Warning: Citation 'HongzhiZhao_2023_73' on page 8 undefined on input line 89.


LaTeX Warning: Citation 'Huber_2007_108' on page 8 undefined on input line 89.


LaTeX Warning: Citation 'HwiCheolKim_2005_18' on page 8 undefined on input line 89.


LaTeX Warning: Citation 'JCWang_2022_66' on page 8 undefined on input line 89.


LaTeX Warning: Citation 'JLiu_2022_98' on page 8 undefined on input line 89.


LaTeX Warning: Citation 'JaewonLee_2025_102' on page 8 undefined on input line 89.


LaTeX Warning: Citation 'JiaChingWang_2023_97' on page 8 undefined on input line 89.


LaTeX Warning: Citation 'JiangYu_2005_122' on page 8 undefined on input line 89.


LaTeX Warning: Citation 'JianxiongXu_2025_1' on page 8 undefined on input line 89.


LaTeX Warning: Citation 'JihangGao_2025_88' on page 8 undefined on input line 89.


LaTeX Warning: Citation 'JinseokKoh_2005_123' on page 8 undefined on input line 89.


LaTeX Warning: Citation 'JongmiLee_2024_144' on page 8 undefined on input line 89.


LaTeX Warning: Citation 'JosephInginoJrandBruceWooley_1998_9' on page 8 undefined on input line 89.


LaTeX Warning: Citation 'JunhuaShen_2025_94' on page 8 undefined on input line 89.


LaTeX Warning: Citation 'JunlinZhong_2025_103' on page 8 undefined on input line 89.


LaTeX Warning: Citation 'JunyanHao_2023_32' on page 8 undefined on input line 89.


LaTeX Warning: Citation 'KBult_1997_4' on page 8 undefined on input line 89.


LaTeX Warning: Citation 'KaiChengCheng_2024_82' on page 8 undefined on input line 89.


LaTeX Warning: Citation 'KentaroYoshioka_2017_62' on page 8 undefined on input line 89.


LaTeX Warning: Citation 'KyeongwonJeong_2025_86' on page 8 undefined on input line 89.


LaTeX Warning: Citation 'KyojinDChoo_2016_59' on page 8 undefined on input line 89.


LaTeX Warning: Citation 'LiangQi_2019_137' on page 8 undefined on input line 89.


LaTeX Warning: Citation 'MDing_2015_56' on page 8 undefined on input line 89.


LaTeX Warning: Citation 'MFlynn_1998_5' on page 8 undefined on input line 89.


LaTeX Warning: Citation 'MYoshioka_2010_44' on page 8 undefined on input line 89.


LaTeX Warning: Citation 'MZhan_2022_67' on page 8 undefined on input line 89.


LaTeX Warning: Citation 'ManxinLi_2023_70' on page 8 undefined on input line 89.


LaTeX Warning: Citation 'MingleiZhang_2019_63' on page 8 undefined on input line 89.


LaTeX Warning: Citation 'MingtaoZhan_2023_75' on page 8 undefined on input line 89.


LaTeX Warning: Citation 'MingyangGu_2025_36' on page 8 undefined on input line 89.


LaTeX Warning: Citation 'Mitteregger_2006_126' on page 8 undefined on input line 89.


LaTeX Warning: Citation 'Ong_1997_112' on page 8 undefined on input line 89.


LaTeX Warning: Citation 'PHarpe_2014_53' on page 8 undefined on input line 89.


LaTeX Warning: Citation 'PHarpe_2015_55' on page 8 undefined on input line 89.


LaTeX Warning: Citation 'PHarpeetal_2012_48' on page 8 undefined on input line 89.


LaTeX Warning: Citation 'PHarpeetal_2013_49' on page 8 undefined on input line 89.


LaTeX Warning: Citation 'PSchvan_2006_3' on page 8 undefined on input line 89.


LaTeX Warning: Citation 'PSchvan_2008_42' on page 8 undefined on input line 89.


LaTeX Warning: Citation 'PatrickVogelmann_2018_135' on page 8 undefined on input line 89.


LaTeX Warning: Citation 'QLiu_2022_141' on page 8 undefined on input line 89.


LaTeX Warning: Citation 'RKapustaetal_2013_52' on page 8 undefined on input line 89.


LaTeX Warning: Citation 'RaresBodnar_2024_83' on page 8 undefined on input line 89.


LaTeX Warning: Citation 'Ray_2006_20' on page 8 undefined on input line 89.


LaTeX Warning: Citation 'SUKwak_1997_8' on page 8 undefined on input line 89.


LaTeX Warning: Citation 'SandeepSanthoshKumar_2023_74' on page 8 undefined on input line 89.


LaTeX Warning: Citation 'SangheonLee_2024_78' on page 8 undefined on input line 89.


LaTeX Warning: Citation 'Senderowicz_1997_111' on page 8 undefined on input line 89.


LaTeX Warning: Citation 'SerdarAbdullahYonar_2023_99' on page 8 undefined on input line 89.


LaTeX Warning: Citation 'SeungChulLee_2007_23' on page 8 undefined on input line 89.


LaTeX Warning: Citation 'SewonLee_2024_84' on page 8 undefined on input line 89.


LaTeX Warning: Citation 'SharvilPatil_2024_35' on page 8 undefined on input line 89.


LaTeX Warning: Citation 'ShengJuiHuang_2009_133' on page 8 undefined on input line 89.


LaTeX Warning: Citation 'Shimizu_2006_107' on page 8 undefined on input line 89.


LaTeX Warning: Citation 'SiddharthDevarajan_2009_26' on page 8 undefined on input line 89.


LaTeX Warning: Citation 'Silva_2006_127' on page 8 undefined on input line 89.


LaTeX Warning: Citation 'SiyuanYe_2024_95' on page 8 undefined on input line 89.


LaTeX Warning: Citation 'SiyuanYe_2025_89' on page 8 undefined on input line 89.


LaTeX Warning: Citation 'SungEnHsieh_2023_31' on page 8 undefined on input line 89.


LaTeX Warning: Citation 'TKang_2022_142' on page 8 undefined on input line 89.


LaTeX Warning: Citation 'TWang_2022_69' on page 8 undefined on input line 89.


LaTeX Warning: Citation 'Tabatabaei_2003_118' on page 8 undefined on input line 89.


LaTeX Warning: Citation 'Verma_2006_40' on page 8 undefined on input line 89.


LaTeX Warning: Citation 'Vleugels_2001_114' on page 8 undefined on input line 89.


LaTeX Warning: Citation 'WLiu_2010_43' on page 8 undefined on input line 89.


LaTeX Warning: Citation 'Waltari_2002_12' on page 8 undefined on input line 89.


LaTeX Warning: Citation 'Wang_2005_16' on page 8 undefined on input line 89.


LaTeX Warning: Citation 'XiyuHe_2024_80' on page 8 undefined on input line 89.


LaTeX Warning: Citation 'YCHuang_2010_27' on page 8 undefined on input line 89.


LaTeX Warning: Citation 'YChae_2008_132' on page 8 undefined on input line 89.


LaTeX Warning: Citation 'YChaietal_2012_28' on page 8 undefined on input line 89.


LaTeX Warning: Citation 'YHu_2022_139' on page 8 undefined on input line 89.


LaTeX Warning: Citation 'YSegal_2022_65' on page 8 undefined on input line 89.


LaTeX Warning: Citation 'YShimizu_2008_109' on page 8 undefined on input line 89.


LaTeX Warning: Citation 'Yan_2003_117' on page 8 undefined on input line 89.


LaTeX Warning: Citation 'YanboZhang_2023_72' on page 8 undefined on input line 89.


LaTeX Warning: Citation 'YannanZhang_2025_92' on page 8 undefined on input line 89.


LaTeX Warning: Citation 'Yao_2004_120' on page 8 undefined on input line 89.


LaTeX Warning: Citation 'YaohuiLuan_2025_145' on page 8 undefined on input line 89.


LaTeX Warning: Citation 'YiHuWang_2023_76' on page 8 undefined on input line 89.


LaTeX Warning: Citation 'YingZuLin_2019_64' on page 8 undefined on input line 89.


LaTeX Warning: Citation 'YongLim_2024_79' on page 8 undefined on input line 89.


LaTeX Warning: Citation 'Yoshioka_2005_17' on page 8 undefined on input line 89.


LaTeX Warning: Citation 'Yoshioka_2007_21' on page 8 undefined on input line 89.


LaTeX Warning: Citation 'YoungDeukJeon_2007_22' on page 8 undefined on input line 89.


LaTeX Warning: Citation 'YueCao_2025_37' on page 8 undefined on input line 89.


LaTeX Warning: Citation 'YuefengCao_2023_33' on page 8 undefined on input line 89.


LaTeX Warning: Citation 'YuefengCao_2024_34' on page 8 undefined on input line 89.


LaTeX Warning: Citation 'YukoTambaandKazuoYamakido_1999_2' on page 8 undefined on input line 89.


LaTeX Warning: Citation 'YunsongTao_2024_85' on page 8 undefined on input line 89.


LaTeX Warning: Citation 'YunsongTao_2025_38' on page 8 undefined on input line 89.


LaTeX Warning: Citation 'ZhuoyiChen_2024_81' on page 8 undefined on input line 89.


LaTeX Warning: Citation 'ZhuoyiChen_2025_90' on page 8 undefined on input line 89.


LaTeX Warning: Citation 'ZijianLiu_2025_104' on page 8 undefined on input line 89.


Overfull \hbox (88.03046pt too wide) in paragraph at lines 89--90
[]\T1/ptm/m/n/10.95 , [], [], [],
 []


Overfull \hbox (43.49641pt too wide) in paragraph at lines 89--90
[]\T1/ptm/m/n/10.95 , [], [], [],
 []


Overfull \hbox (62.49559pt too wide) in paragraph at lines 89--90
[]\T1/ptm/m/n/10.95 , [], [], [], [],
 []


Overfull \hbox (10.5704pt too wide) in paragraph at lines 89--90
[]\T1/ptm/m/n/10.95 , [], [], [],
 []


Overfull \hbox (41.3398pt too wide) in paragraph at lines 89--90
[]\T1/ptm/m/n/10.95 , [], [], [],
 []


Overfull \hbox (64.54315pt too wide) in paragraph at lines 89--90
[]\T1/ptm/m/n/10.95 , [], [], [], [],
 []


Overfull \hbox (41.09966pt too wide) in paragraph at lines 89--90
[]\T1/ptm/m/n/10.95 , [], [], [], [],
 []


Overfull \hbox (21.89276pt too wide) in paragraph at lines 89--90
[]\T1/ptm/m/n/10.95 , [], [], [],
 []


Overfull \hbox (16.66971pt too wide) in paragraph at lines 89--90
[]\T1/ptm/m/n/10.95 , [], [], [],
 []


Overfull \hbox (80.38698pt too wide) in paragraph at lines 89--90
[]\T1/ptm/m/n/10.95 , [], [], [],
 []


Overfull \hbox (14.24959pt too wide) in paragraph at lines 89--90
[]\T1/ptm/m/n/10.95 , [], [], [],
 []


Overfull \hbox (48.71057pt too wide) in paragraph at lines 89--90
[]\T1/ptm/m/n/10.95 , [], [], [], [],
 []


Overfull \hbox (185.06873pt too wide) in paragraph at lines 89--90
[]\T1/ptm/m/n/10.95 , [], [], [], [],
 []


Overfull \hbox (93.5714pt too wide) in paragraph at lines 89--90
[]\T1/ptm/m/n/10.95 , [], [], [], [],
 []


Overfull \hbox (37.66121pt too wide) in paragraph at lines 89--90
[]\T1/ptm/m/n/10.95 , [], [], [],
 []


Overfull \hbox (14.91823pt too wide) in paragraph at lines 89--90
[]\T1/ptm/m/n/10.95 , [], [], [], [],
 []


Overfull \hbox (20.08618pt too wide) in paragraph at lines 89--90
[]\T1/ptm/m/n/10.95 , [], [], [],
 []


Overfull \hbox (19.90044pt too wide) in paragraph at lines 89--90
[]\T1/ptm/m/n/10.95 , [], [], [], [],
 []


Overfull \hbox (77.96771pt too wide) in paragraph at lines 89--90
[]\T1/ptm/m/n/10.95 , [], [], [], [],
 []


Overfull \hbox (0.47508pt too wide) in paragraph at lines 89--90
[]\T1/ptm/m/n/10.95 , [], [], [],
 []


Overfull \hbox (66.22862pt too wide) in paragraph at lines 89--90
[]\T1/ptm/m/n/10.95 , [], [], [],
 []


Overfull \hbox (91.21681pt too wide) in paragraph at lines 89--90
[]\T1/ptm/m/n/10.95 , [], [], [], [],
 []


Overfull \hbox (21.20386pt too wide) in paragraph at lines 89--90
[]\T1/ptm/m/n/10.95 , [], [], [], [],
 []


Overfull \hbox (12.45456pt too wide) in paragraph at lines 89--90
[]\T1/ptm/m/n/10.95 , [], [], [], [],
 []


Overfull \hbox (52.88213pt too wide) in paragraph at lines 89--90
[]\T1/ptm/m/n/10.95 , [], [], [], [],
 []


Overfull \hbox (47.49419pt too wide) in paragraph at lines 89--90
[]\T1/ptm/m/n/10.95 , [], [], [], [],
 []


Overfull \hbox (86.82658pt too wide) in paragraph at lines 89--90
[]\T1/ptm/m/n/10.95 , [], [], [],
 []



[8]
<figures/fom_fs.png, id=598, 867.24pt x 505.89pt>
File: figures/fom_fs.png Graphic file (type png)
<use figures/fom_fs.png>
Package pdftex.def Info: figures/fom_fs.png  used on input line 95.
(pdftex.def)             Requested size: 362.77525pt x 211.62323pt.


LaTeX Warning: Citation 'Lukas_2014' on page 9 undefined on input line 111.


LaTeX Warning: Citation 'Jang_2018' on page 9 undefined on input line 112.


LaTeX Warning: Citation 'Ginsburg_2014' on page 9 undefined on input line 113.


LaTeX Warning: Citation 'De_Cano_Garcia_2019' on page 9 undefined on input line 114.


LaTeX Warning: Citation 'Muller_2015' on page 9 undefined on input line 115.



[9 <./figures/fom_fs.png>]
Overfull \hbox (2.56471pt too wide) in paragraph at lines 127--128
\T1/ptm/m/n/10.95 invariant sam-pling fre-quency. How-ever, as demon-strated by Weltin-Wu and Tsi-vidis, level-crossing
 []



[10]

LaTeX Warning: Citation 'weltin2013' on page 11 undefined on input line 143.


LaTeX Warning: Citation 'weltin2013' on page 11 undefined on input line 143.


LaTeX Warning: Citation 'mou2026' on page 11 undefined on input line 143.



[11]

LaTeX Warning: Citation 'weltin2013' on page 12 undefined on input line 149.


LaTeX Warning: Citation 'mou2026' on page 12 undefined on input line 149.


LaTeX Warning: Citation 'johns_martin_2012' on page 12 undefined on input line 157.


LaTeX Warning: Citation 'baker_cmos_2010' on page 12 undefined on input line 160.



[12]

LaTeX Warning: Citation 'Tamba' on page 13 undefined on input line 165.


LaTeX Warning: Citation 'Schvan_2006' on page 13 undefined on input line 168.


LaTeX Warning: Citation 'van_de_plassche_1994' on page 13 undefined on input line 173.


Overfull \hbox (20.53398pt too wide) in paragraph at lines 209--209
[][]\T1/ptm/m/n/10.95 SHA  
 []


Overfull \hbox (17.55829pt too wide) in paragraph at lines 209--209
[][]\T1/ptm/m/n/10.95 Output  
 []


Overfull \hbox (10.99428pt too wide) in paragraph at lines 209--209
[][]\T1/ptm/m/n/10.95 Comparator  
 []


LaTeX Warning: Citation 'van_de_plassche_1994' on page 13 undefined on input line 210.


LaTeX Warning: Citation 'van_de_plassche_1994' on page 13 undefined on input line 210.


LaTeX Warning: Citation 'johns_martin_2012' on page 13 undefined on input line 215.



[13]

[14]
LaTeX Font Info:    Font shape `OT1/ptm/bx/n' in size <12> not available
(Font)              Font shape `OT1/ptm/b/n' tried instead on input line 285.
LaTeX Font Info:    Font shape `OT1/ptm/bx/n' in size <9> not available
(Font)              Font shape `OT1/ptm/b/n' tried instead on input line 285.
LaTeX Font Info:    Font shape `OT1/ptm/bx/n' in size <7> not available
(Font)              Font shape `OT1/ptm/b/n' tried instead on input line 285.


Package hyperref Warning: Token not allowed in a PDF string (Unicode):
(hyperref)                removing `math shift' on input line 285.


Package hyperref Warning: Token not allowed in a PDF string (Unicode):
(hyperref)                removing `\Sigma' on input line 285.


Package hyperref Warning: Token not allowed in a PDF string (Unicode):
(hyperref)                removing `\Delta' on input line 285.


Package hyperref Warning: Token not allowed in a PDF string (Unicode):
(hyperref)                removing `math shift' on input line 285.


LaTeX Warning: Citation 'candy_1985' on page 15 undefined on input line 286.


LaTeX Warning: Citation 'schreier_2005' on page 15 undefined on input line 286.


Overfull \hbox (16.38322pt too wide) in paragraph at lines 286--287
\T1/ptm/m/n/10.95 The $\OT1/ztmcm/m/n/10.95 ^^F^^A$ \T1/ptm/m/n/10.95 ar-chi-tec-ture re-lies on over-sam-pling, sam-pling much faster than the Nyquist rate [[]],
 []

LaTeX Font Info:    Font shape `OT1/ptm/bx/n' in size <10> not available
(Font)              Font shape `OT1/ptm/b/n' tried instead on input line 390.
LaTeX Font Info:    Font shape `OT1/ptm/bx/n' in size <7.4> not available
(Font)              Font shape `OT1/ptm/b/n' tried instead on input line 390.
LaTeX Font Info:    Font shape `OT1/ptm/bx/n' in size <5> not available
(Font)              Font shape `OT1/ptm/b/n' tried instead on input line 390.
LaTeX Font Info:    Trying to load font information for T1+phv on input line 390.
(C:\Users\gonca\AppData\Local\Programs\MiKTeX\tex/latex/psnfss\t1phv.fd
File: t1phv.fd 2020/03/25 scalable font definitions for T1/phv.
)
LaTeX Font Info:    Font shape `T1/phv/m/n' will be
(Font)              scaled to size 10.40245pt on input line 390.
LaTeX Font Info:    Font shape `T1/phv/b/n' will be
(Font)              scaled to size 10.40245pt on input line 390.
LaTeX Font Info:    Font shape `T1/phv/b/n' will be
(Font)              scaled to size 7.59998pt on input line 390.


LaTeX Warning: Citation 'candy_1985' on page 15 undefined on input line 391.


LaTeX Warning: Citation 'schreier_2005' on page 15 undefined on input line 391.


LaTeX Warning: Citation 'candy_1985' on page 15 undefined on input line 391.


LaTeX Warning: Citation 'schreier_2005' on page 15 undefined on input line 391.



[15]

LaTeX Warning: Citation 'microelectronics_1998' on page 16 undefined on input line 399.


Package mathptmx Warning: There are no bold math fonts on input line 448.


Overfull \hbox (9.74214pt too wide) in paragraph at lines 448--448
[][]\T1/ptm/m/n/10.95 Clock  
 []


Overfull \hbox (10.44482pt too wide) in paragraph at lines 448--448
[][]\T1/ptm/m/n/10.95 Digital 
 []


Overfull \hbox (12.865pt too wide) in paragraph at lines 448--448
\T1/ptm/m/n/10.95 counter  
 []



[16]

LaTeX Warning: Citation 'lim_2013' on page 17 undefined on input line 460.


Overfull \hbox (1.94136pt too wide) in paragraph at lines 460--461
\T1/ptm/m/n/10.95 ver-sion [[]], un-like syn-chronous ADCs, which are bound by a global clock and the Nyquist-
 []


LaTeX Warning: Citation 'lim_2013' on page 17 undefined on input line 463.


Overfull \hbox (8.80577pt too wide) in paragraph at lines 463--464
\T1/ptm/m/n/10.95 The core prin-ci-ple be-hind many asyn-chronous ADCs is Level-Crossing Sam-pling (LCS) [[]].
 []

File: figures/uporto.pdf Graphic file (type pdf)
<use figures/uporto.pdf>
Package pdftex.def Info: figures/uporto.pdf  used on input line 468.
(pdftex.def)             Requested size: 256.07741pt x 55.65785pt.

LaTeX Warning: Citation 'pae2022_lcadc' on page 17 undefined on input line 470.


LaTeX Warning: Citation 'pae2022_lcadc' on page 17 undefined on input line 470.



[17]

[18]
Overfull \hbox (2.84885pt too wide) in paragraph at lines 499--500
\T1/ptm/m/n/10.95 nodes un-til a volt-age thresh-old is reached, cur-rent com-para-tors pro-cess in-for-ma-tion di-rectly through
 []


Overfull \hbox (2.65178pt too wide) in paragraph at lines 515--516
\T1/ptm/m/n/10.95 pro-posed in con-tin-u-ous time cur-rent com-para-tor ar-chi-tec-tures. By re-duc-ing in-ter-nal volt-age swings,
 []



[19]

[20]
Overfull \hbox (11.66904pt too wide) in paragraph at lines 545--546
[]\T1/ptm/m/n/10.95 This non-linear feed-back mech-a-nism cre-ates an ef-fec-tive hys-tere-sis, once the out-put has switched,
 []



[21]

[22]

LaTeX Warning: Citation 'baker_cmos_2010' on page 23 undefined on input line 575.


LaTeX Warning: Citation 'johns_martin_2012' on page 23 undefined on input line 577.


LaTeX Warning: Citation 'baker_cmos_2010' on page 23 undefined on input line 586.


Overfull \hbox (3.63785pt too wide) in paragraph at lines 586--588
\T1/ptm/m/n/10.95 Calibration tech-niques can be broadly cat-e-go-rized by their tim-ing and do-main [[]].
 []



[23]

LaTeX Warning: Citation 'yao_bulk_2011' on page 24 undefined on input line 596.

File: figures/uporto.pdf Graphic file (type pdf)
<use figures/uporto.pdf>
Package pdftex.def Info: figures/uporto.pdf  used on input line 604.
(pdftex.def)             Requested size: 341.43437pt x 74.21046pt.

LaTeX Warning: Citation 'yaobulk2011' on page 24 undefined on input line 606.


LaTeX Warning: Citation 'yaobulk2011' on page 24 undefined on input line 606.

File: figures/uporto.pdf Graphic file (type pdf)
<use figures/uporto.pdf>
Package pdftex.def Info: figures/uporto.pdf  used on input line 611.
(pdftex.def)             Requested size: 298.75264pt x 64.93018pt.

LaTeX Warning: Citation 'yaobulk2011' on page 24 undefined on input line 612.


LaTeX Warning: Citation 'yaobulk2011' on page 24 undefined on input line 612.



[24]

LaTeX Warning: Citation 'yaobulk2011' on page 25 undefined on input line 622.


LaTeX Warning: Citation 'baker_cmos_2010' on page 25 undefined on input line 624.


LaTeX Warning: Citation 'baker_cmos_2010' on page 25 undefined on input line 626.



[25]

LaTeX Warning: Citation 'lim_2013' on page 26 undefined on input line 661.


LaTeX Warning: Citation 'baker_cmos_2010' on page 26 undefined on input line 663.


LaTeX Warning: Citation 'lim_2013' on page 26 undefined on input line 675.


Overfull \hbox (11.44469pt too wide) in paragraph at lines 675--676
\T1/ptm/m/n/10.95 ciency across a wide range of sam-pling rates, par-tic-u-larly for low-to-medium band-widths [[]]. 
 []

<figures/energy_year.png, id=709, 867.24pt x 505.89pt>
File: figures/energy_year.png Graphic file (type png)
<use figures/energy_year.png>
Package pdftex.def Info: figures/energy_year.png  used on input line 699.
(pdftex.def)             Requested size: 362.77525pt x 211.62323pt.


[26]

LaTeX Warning: Citation 'Chen_2006' on page 27 undefined on input line 716.


LaTeX Warning: Citation 'Jiang_2018' on page 27 undefined on input line 717.


LaTeX Warning: Citation 'Veldhoven_2021' on page 27 undefined on input line 718.


LaTeX Warning: Citation 'Ginsburg_2014' on page 27 undefined on input line 719.


LaTeX Warning: Citation 'Kim_2018' on page 27 undefined on input line 720.



[27 <./figures/energy_year.png>])

[28]
\openout2 = `chapter3.aux'.

 (chapter3.tex
Chapter 3.

LaTeX Warning: Reference `fig:cmf_adc_op' on page 29 undefined on input line 29.


Overfull \hbox (0.78937pt too wide) in paragraph at lines 23--30
\T1/ptm/m/n/10.95 The current-mirror flash ADC (CMF-ADC) topol-ogy in-ves-ti-gated in this phase is struc-tured around
 []



[29




]

LaTeX Warning: Reference `fig:cmf_adc_op' on page 30 undefined on input line 44.


LaTeX Warning: Reference `fig:cmf_adc_op' on page 30 undefined on input line 51.


LaTeX Warning: Reference `fig:cmf_adc_op' on page 30 undefined on input line 56.


LaTeX Warning: Reference `fig:cmf_adc_op' on page 30 undefined on input line 67.


LaTeX Warning: Reference `fig:cmf_adc_op' on page 30 undefined on input line 89.



[30]

LaTeX Warning: Reference `sec:async_logic' on page 31 undefined on input line 130.


LaTeX Warning: Reference `sec:cmf_characterization' on page 31 undefined on input line 145.


LaTeX Warning: Citation 'lee2017' on page 31 undefined on input line 148.



[31]

LaTeX Warning: Citation 'lee2017' on page 32 undefined on input line 171.


LaTeX Warning: Citation 'lee2017' on page 32 undefined on input line 220.


LaTeX Warning: Citation 'lee2017' on page 32 undefined on input line 225.



[32]

[33]

LaTeX Warning: Citation 'razavi' on page 34 undefined on input line 275.



[34]

LaTeX Warning: Citation 'razavi' on page 35 undefined on input line 318.


LaTeX Warning: Citation 'razavi' on page 35 undefined on input line 342.



[35]

[36]

[37]

[38]

[39]
Overfull \hbox (1.15155pt too wide) in paragraph at lines 481--482
\T1/ptm/m/n/10.95 This chap-ter es-tab-lished the the-o-ret-i-cal and ar-chi-tec-tural foun-da-tions of the pro-posed asyn-chronous
 []


Overfull \hbox (9.55669pt too wide) in paragraph at lines 483--484
[]\T1/ptm/m/n/10.95 The struc-tural de-vel-op-ment be-gan with the adap-ta-tion of the com-para-tor ar-ray, where continuous-
 []

)

[40]
\openout2 = `chapter4.aux'.

 (chapter4.tex
Chapter 4.

LaTeX Warning: Citation 'flashadc_ref' on page 41 undefined on input line 10.


LaTeX Warning: Reference `sec:implementation' on page 41 undefined on input line 12.



[41




]

LaTeX Warning: Citation 'flashadc_ref' on page 42 undefined on input line 31.


LaTeX Warning: Citation 'flashadc_ref' on page 42 undefined on input line 31.


LaTeX Warning: Reference `chap:async' on page 42 undefined on input line 43.


LaTeX Warning: Citation 'razavi_strongarm' on page 42 undefined on input line 52.



[42]

LaTeX Warning: Citation 'flashadc_ref' on page 43 undefined on input line 62.


LaTeX Warning: Citation 'flashadc_ref' on page 43 undefined on input line 62.


LaTeX Warning: Citation 'razavi_strongarm' on page 43 undefined on input line 71.



[43]

[44]

[45]

[46]
Chapter 5.


[47

]

[48]

LaTeX Warning: Reference `chap:results' on page 49 undefined on input line 286.

)

[49]
\openout2 = `chapter5.aux'.

 (chapter5.tex
Chapter 6.


[50




]

[51]

[52]
Overfull \hbox (0.59584pt too wide) in paragraph at lines 127--143
 [][] 
 []



[53]

[54])

[55]
\openout2 = `chapter6.aux'.

 (chapter6.tex
Chapter 7.


[56




]

[57]

[58])

[59]

[60]

LaTeX Warning: Empty bibliography on input line 125.

(meec_thesis.aux (resumo.aux) (abstract.aux) (un-sdg.aux) (quote.aux) (abbrevs.aux) (chapter1.aux) (chapter2.aux) (chapter3.aux) (chapter4.aux) (chapter5.aux) (chapter6.aux))
 ***********
LaTeX2e <2025-06-01> patch level 1
L3 programming layer <2025-08-13>
 ***********


LaTeX Warning: There were undefined references.

Package rerunfilecheck Info: File `meec_thesis.out' has not changed.
(rerunfilecheck)             Checksum: 6E6306D57AAEECEAE8D8F6264251D6A2;21276.

Package biblatex Warning: Please (re)run Biber on the file:
(biblatex)                meec_thesis
(biblatex)                and rerun LaTeX afterwards.

Package logreq Info: Writing requests to 'meec_thesis.run.xml'.
\openout1 = `meec_thesis.run.xml'.

 ) 
Here is how much of TeX's memory you used:
 54500 strings out of 468133
 1265898 string characters out of 5430711
 2399730 words of memory out of 5000000
 82111 multiletter control sequences out of 15000+600000
 723320 words of font info for 172 fonts, out of 8000000 for 9000
 1141 hyphenation exceptions out of 8191
 102i,13n,107p,3545b,3166s stack positions out of 10000i,1000n,20000p,200000b,200000s
<C:/Users/gonca/AppData/Local/Programs/MiKTeX/fonts/type1/public/amsfonts/cm/cmex10.pfb><C:/Users/gonca/AppData/Local/Programs/MiKTeX/fonts/type1/public/amsfonts/cm/cmmi10.pfb><C:/Users/gonca/AppData/Local/Programs/MiKTeX/fonts/type1/public/amsfonts/cm/cmr10.pfb><C:/Users/gonca/AppData/Local/Programs/MiKTeX/fonts/type1/public/amsfonts/cm/cmsy10.pfb><C:/Users/gonca/AppData/Local/Programs/MiKTeX/fonts/type1/public/amsfonts/cm/cmtt10.pfb><C:/Users/gonca/AppData/Local/Programs/MiKTeX/fonts/type1/urw/helvetic/uhvb8a.pfb><C:/Users/gonca/AppData/Local/Programs/MiKTeX/fonts/type1/urw/symbol/usyr.pfb><C:/Users/gonca/AppData/Local/Programs/MiKTeX/fonts/type1/urw/symbol/usyr.pfb><C:/Users/gonca/AppData/Local/Programs/MiKTeX/fonts/type1/urw/times/utmb8a.pfb><C:/Users/gonca/AppData/Local/Programs/MiKTeX/fonts/type1/urw/times/utmr8a.pfb><C:/Users/gonca/AppData/Local/Programs/MiKTeX/fonts/type1/urw/times/utmr8a.pfb><C:/Users/gonca/AppData/Local/Programs/MiKTeX/fonts/type1/urw/times/utmri8a.pfb>
Output written on meec_thesis.pdf (71 pages, 1587702 bytes).
PDF statistics:
 1008 PDF objects out of 1200 (max. 8388607)
 261 named destinations out of 1000 (max. 500000)
 689 words of extra memory for PDF output out of 10000 (max. 10000000)

