\BOOKMARK [0][-]{init.0}{\376\377\000F\000r\000o\000n\000t\000\040\000P\000a\000g\000e}{}% 1
\BOOKMARK [0][-]{contents.0}{\376\377\000T\000a\000b\000l\000e\000\040\000o\000f\000\040\000C\000o\000n\000t\000e\000n\000t\000s}{}% 2
\BOOKMARK [0][-]{figures.0}{\376\377\000L\000i\000s\000t\000\040\000o\000f\000\040\000F\000i\000g\000u\000r\000e\000s}{}% 3
\BOOKMARK [0][-]{tables.0}{\376\377\000L\000i\000s\000t\000\040\000o\000f\000\040\000T\000a\000b\000l\000e\000s}{}% 4
\BOOKMARK [0][-]{chapter.1}{\376\377\0001\000\040\000I\000n\000t\000r\000o\000d\000u\000c\000t\000i\000o\000n}{}% 5
\BOOKMARK [1][-]{section.1.1}{\376\377\0001\000.\0001\000\040\000M\000o\000t\000i\000v\000a\000t\000i\000o\000n\000\040\000a\000n\000d\000\040\000P\000r\000o\000b\000l\000e\000m\000\040\000S\000t\000a\000t\000e\000m\000e\000n\000t}{chapter.1}% 6
\BOOKMARK [2][-]{subsection.1.1.1}{\376\377\0001\000.\0001\000.\0001\000\040\000I\000n\000e\000f\000f\000i\000c\000i\000e\000n\000c\000y\000\040\000o\000f\000\040\000S\000y\000n\000c\000h\000r\000o\000n\000o\000u\000s\000\040\000S\000a\000m\000p\000l\000i\000n\000g}{section.1.1}% 7
\BOOKMARK [2][-]{subsection.1.1.2}{\376\377\0001\000.\0001\000.\0002\000\040\000A\000r\000c\000h\000i\000t\000e\000c\000t\000u\000r\000a\000l\000\040\000P\000r\000o\000b\000l\000e\000m\000:\000\040\000F\000l\000a\000s\000h\000\040\000A\000D\000C\000s}{section.1.1}% 8
\BOOKMARK [2][-]{subsection.1.1.3}{\376\377\0001\000.\0001\000.\0003\000\040\000D\000e\000v\000i\000c\000e\000\040\000L\000i\000m\000i\000t\000a\000t\000i\000o\000n\000:\000\040\000T\000h\000e\000\040\000M\000i\000s\000m\000a\000t\000c\000h\000\040\000P\000r\000o\000b\000l\000e\000m}{section.1.1}% 9
\BOOKMARK [1][-]{section.1.2}{\376\377\0001\000.\0002\000\040\000O\000b\000j\000e\000c\000t\000i\000v\000e\000s}{chapter.1}% 10
\BOOKMARK [1][-]{section.1.3}{\376\377\0001\000.\0003\000\040\000D\000o\000c\000u\000m\000e\000n\000t\000\040\000S\000t\000r\000u\000c\000t\000u\000r\000e}{chapter.1}% 11
\BOOKMARK [0][-]{chapter.2}{\376\377\0002\000\040\000L\000i\000t\000e\000r\000a\000t\000u\000r\000e\000\040\000R\000e\000v\000i\000e\000w}{}% 12
\BOOKMARK [1][-]{section.2.1}{\376\377\0002\000.\0001\000\040\000F\000u\000n\000d\000a\000m\000e\000n\000t\000a\000l\000s\000\040\000o\000f\000\040\000A\000n\000a\000l\000o\000g\000-\000t\000o\000-\000D\000i\000g\000i\000t\000a\000l\000\040\000C\000o\000n\000v\000e\000r\000s\000i\000o\000n}{chapter.2}% 13
\BOOKMARK [2][-]{subsection.2.1.1}{\376\377\0002\000.\0001\000.\0001\000\040\000T\000h\000e\000\040\000D\000a\000t\000a\000\040\000C\000o\000n\000v\000e\000r\000s\000i\000o\000n\000\040\000P\000r\000o\000c\000e\000s\000s}{section.2.1}% 14
\BOOKMARK [2][-]{subsection.2.1.2}{\376\377\0002\000.\0001\000.\0002\000\040\000P\000e\000r\000f\000o\000r\000m\000a\000n\000c\000e\000\040\000M\000e\000t\000r\000i\000c\000s}{section.2.1}% 15
\BOOKMARK [2][-]{subsection.2.1.3}{\376\377\0002\000.\0001\000.\0003\000\040\000S\000t\000a\000t\000e\000-\000o\000f\000-\000t\000h\000e\000-\000A\000r\000t\000\040\000C\000o\000m\000p\000a\000r\000a\000t\000i\000v\000e\000\040\000A\000n\000a\000l\000y\000s\000i\000s}{section.2.1}% 16
\BOOKMARK [1][-]{section.2.2}{\376\377\0002\000.\0002\000\040\000S\000y\000n\000c\000h\000r\000o\000n\000o\000u\000s\000\040\000A\000r\000c\000h\000i\000t\000e\000c\000t\000u\000r\000e\000s}{chapter.2}% 17
\BOOKMARK [2][-]{subsection.2.2.1}{\376\377\0002\000.\0002\000.\0001\000\040\000S\000y\000n\000c\000h\000r\000o\000n\000o\000u\000s\000\040\000F\000l\000a\000s\000h\000\040\000A\000D\000C}{section.2.2}% 18
\BOOKMARK [2][-]{subsection.2.2.2}{\376\377\0002\000.\0002\000.\0002\000\040\000T\000h\000e\000\040\000P\000o\000w\000e\000r\000\040\000B\000o\000t\000t\000l\000e\000n\000e\000c\000k}{section.2.2}% 19
\BOOKMARK [2][-]{subsection.2.2.3}{\376\377\0002\000.\0002\000.\0003\000\040\000S\000A\000R\000\040\000\050\000S\000u\000c\000c\000e\000s\000s\000i\000v\000e\000\040\000A\000p\000p\000r\000o\000x\000i\000m\000a\000t\000i\000o\000n\000\040\000R\000e\000g\000i\000s\000t\000e\000r\000\051}{section.2.2}% 20
\BOOKMARK [2][-]{subsection.2.2.4}{\376\377\0002\000.\0002\000.\0004\000\040\000P\000i\000p\000e\000l\000i\000n\000e}{section.2.2}% 21
\BOOKMARK [2][-]{subsection.2.2.5}{\376\377\0002\000.\0002\000.\0005\000\040\000S\000i\000g\000m\000a\000-\000D\000e\000l\000t\000a\000\040\000\050\000\051}{section.2.2}% 22
\BOOKMARK [2][-]{subsection.2.2.6}{\376\377\0002\000.\0002\000.\0006\000\040\000D\000u\000a\000l\000-\000s\000l\000o\000p\000e}{section.2.2}% 23
\BOOKMARK [1][-]{section.2.3}{\376\377\0002\000.\0003\000\040\000A\000s\000y\000n\000c\000h\000r\000o\000n\000o\000u\000s\000\040\000A\000r\000c\000h\000i\000t\000e\000c\000t\000u\000r\000e\000s}{chapter.2}% 24
\BOOKMARK [2][-]{subsection.2.3.1}{\376\377\0002\000.\0003\000.\0001\000\040\000L\000e\000v\000e\000l\000-\000C\000r\000o\000s\000s\000i\000n\000g\000\040\000S\000a\000m\000p\000l\000i\000n\000g\000\040\000\050\000L\000C\000S\000\051}{section.2.3}% 25
\BOOKMARK [2][-]{subsection.2.3.2}{\376\377\0002\000.\0003\000.\0002\000\040\000A\000s\000y\000n\000c\000h\000r\000o\000n\000o\000u\000s\000\040\000F\000l\000a\000s\000h\000\040\000A\000D\000C}{section.2.3}% 26
\BOOKMARK [1][-]{section.2.4}{\376\377\0002\000.\0004\000\040\000C\000a\000l\000i\000b\000r\000a\000t\000i\000o\000n\000\040\000a\000n\000d\000\040\000T\000r\000i\000m\000m\000i\000n\000g\000\040\000T\000e\000c\000h\000n\000i\000q\000u\000e\000s}{chapter.2}% 27
\BOOKMARK [2][-]{subsection.2.4.1}{\376\377\0002\000.\0004\000.\0001\000\040\000T\000h\000e\000\040\000C\000o\000m\000p\000o\000n\000e\000n\000t\000\040\000M\000i\000s\000m\000a\000t\000c\000h\000\040\000P\000r\000o\000b\000l\000e\000m}{section.2.4}% 28
\BOOKMARK [2][-]{subsection.2.4.2}{\376\377\0002\000.\0004\000.\0002\000\040\000C\000a\000l\000i\000b\000r\000a\000t\000i\000o\000n\000\040\000C\000l\000a\000s\000s\000i\000f\000i\000c\000a\000t\000i\000o\000n\000s}{section.2.4}% 29
\BOOKMARK [2][-]{subsection.2.4.3}{\376\377\0002\000.\0004\000.\0003\000\040\000T\000r\000i\000m\000m\000i\000n\000g\000\040\000T\000e\000c\000h\000n\000i\000q\000u\000e\000s}{section.2.4}% 30
\BOOKMARK [2][-]{subsection.2.4.4}{\376\377\0002\000.\0004\000.\0004\000\040\000A\000d\000v\000a\000n\000t\000a\000g\000e\000s\000\040\000o\000f\000\040\000R\000e\000s\000i\000s\000t\000i\000v\000e\000\040\000T\000r\000i\000m\000m\000i\000n\000g\000\040\000f\000o\000r\000\040\000A\000s\000y\000n\000c\000h\000r\000o\000n\000o\000u\000s\000\040\000A\000D\000C\000s}{section.2.4}% 31
\BOOKMARK [1][-]{section.2.5}{\376\377\0002\000.\0005\000\040\000A\000s\000y\000n\000c\000h\000r\000o\000n\000o\000u\000s\000\040\000v\000s\000.\000\040\000S\000y\000n\000c\000h\000r\000o\000n\000o\000u\000s}{chapter.2}% 32
\BOOKMARK [2][-]{subsection.2.5.1}{\376\377\0002\000.\0005\000.\0001\000\040\000A\000d\000v\000a\000n\000t\000a\000g\000e}{section.2.5}% 33
\BOOKMARK [2][-]{subsection.2.5.2}{\376\377\0002\000.\0005\000.\0002\000\040\000C\000o\000m\000p\000a\000r\000a\000t\000i\000v\000e\000\040\000E\000v\000a\000l\000u\000a\000t\000i\000o\000n}{section.2.5}% 34
\BOOKMARK [1][-]{section.2.6}{\376\377\0002\000.\0006\000\040\000A\000s\000y\000n\000c\000h\000r\000o\000n\000o\000u\000s\000\040\000F\000l\000a\000s\000h\000\040\000A\000D\000C\000s}{chapter.2}% 35
\BOOKMARK [1][-]{section.2.7}{\376\377\0002\000.\0007\000\040\000C\000u\000r\000r\000e\000n\000t\000\040\000C\000o\000m\000p\000a\000r\000a\000t\000o\000r\000s}{chapter.2}% 36
\BOOKMARK [2][-]{subsection.2.7.1}{\376\377\0002\000.\0007\000.\0001\000\040\000C\000u\000r\000r\000e\000n\000t\000-\000M\000i\000r\000r\000o\000r\000-\000B\000a\000s\000e\000d\000\040\000C\000u\000r\000r\000e\000n\000t\000\040\000C\000o\000m\000p\000a\000r\000a\000t\000o\000r}{section.2.7}% 37
\BOOKMARK [2][-]{subsection.2.7.2}{\376\377\0002\000.\0007\000.\0002\000\040\000T\000r\000a\000f\000f\000\040\000C\000u\000r\000r\000e\000n\000t\000\040\000C\000o\000m\000p\000a\000r\000a\000t\000o\000r}{section.2.7}% 38
\BOOKMARK [2][-]{subsection.2.7.3}{\376\377\0002\000.\0007\000.\0003\000\040\000L\000u\000\040\000C\000h\000e\000n\000\040\000C\000u\000r\000r\000e\000n\000t\000\040\000C\000o\000m\000p\000a\000r\000a\000t\000o\000r}{section.2.7}% 39
\BOOKMARK [2][-]{subsection.2.7.4}{\376\377\0002\000.\0007\000.\0004\000\040\000H\000y\000s\000t\000e\000r\000e\000s\000i\000s\000\040\000C\000u\000r\000r\000e\000n\000t\000\040\000C\000o\000m\000p\000a\000r\000a\000t\000o\000r}{section.2.7}% 40
\BOOKMARK [2][-]{subsection.2.7.5}{\376\377\0002\000.\0007\000.\0005\000\040\000M\000i\000n\000\040\000a\000n\000d\000\040\000K\000i\000m\000\040\000C\000u\000r\000r\000e\000n\000t\000\040\000C\000o\000m\000p\000a\000r\000a\000t\000o\000r}{section.2.7}% 41
\BOOKMARK [2][-]{subsection.2.7.6}{\376\377\0002\000.\0007\000.\0006\000\040\000C\000C\000-\000I\000I\000-\000B\000a\000s\000e\000d\000\040\000C\000u\000r\000r\000e\000n\000t\000\040\000C\000o\000m\000p\000a\000r\000a\000t\000o\000r}{section.2.7}% 42
\BOOKMARK [0][-]{chapter.3}{\376\377\0003\000\040\000I\000m\000p\000l\000e\000m\000e\000n\000t\000a\000t\000i\000o\000n}{}% 43
\BOOKMARK [1][-]{section.3.1}{\376\377\0003\000.\0001\000\040\000F\000i\000r\000s\000t\000\040\000C\000a\000n\000d\000i\000d\000a\000t\000e\000:\000\040\000C\000u\000r\000r\000e\000n\000t\000-\000M\000i\000r\000r\000o\000r\000\040\000F\000l\000a\000s\000h\000\040\000A\000n\000a\000l\000o\000g\000-\000t\000o\000-\000D\000i\000g\000i\000t\000a\000l\000\040\000C\000o\000n\000v\000e\000r\000t\000e\000r}{chapter.3}% 44
\BOOKMARK [1][-]{section.3.2}{\376\377\0003\000.\0002\000\040\000S\000e\000c\000o\000n\000d\000\040\000C\000a\000n\000d\000i\000d\000a\000t\000e\000:\000\040\000C\000o\000m\000p\000l\000e\000m\000e\000n\000t\000a\000r\000y\000\040\000D\000u\000a\000l\000-\000I\000n\000p\000u\000t\000\040\000A\000r\000c\000h\000i\000t\000e\000c\000t\000u\000r\000e}{chapter.3}% 45
\BOOKMARK [1][-]{section.3.3}{\376\377\0003\000.\0003\000\040\000A\000d\000o\000p\000t\000e\000d\000\040\000A\000r\000c\000h\000i\000t\000e\000c\000t\000u\000r\000e\000:\000\040\000F\000i\000v\000e\000-\000T\000r\000a\000n\000s\000i\000s\000t\000o\000r\000\040\000O\000T\000A\000\040\000C\000o\000n\000f\000i\000g\000u\000r\000e\000d\000\040\000a\000s\000\040\000V\000o\000l\000t\000a\000g\000e\000\040\000F\000o\000l\000l\000o\000w\000e\000r\000\040\000w\000i\000t\000h\000\040\000R\000a\000t\000i\000o\000e\000d\000\040\000O\000u\000t\000p\000u\000t\000\040\000S\000l\000i\000c\000e\000r\000s}{chapter.3}% 46
\BOOKMARK [0][-]{chapter.4}{\376\377\0004\000\040\000S\000y\000n\000c\000h\000r\000o\000n\000o\000u\000s\000\040\000R\000e\000f\000e\000r\000e\000n\000c\000e\000\040\000F\000l\000a\000s\000h\000\040\000A\000D\000C}{}% 47
\BOOKMARK [1][-]{section.4.1}{\376\377\0004\000.\0001\000\040\000M\000o\000t\000i\000v\000a\000t\000i\000o\000n\000\040\000f\000o\000r\000\040\000A\000r\000c\000h\000i\000t\000e\000c\000t\000u\000r\000a\000l\000\040\000S\000e\000l\000e\000c\000t\000i\000o\000n}{chapter.4}% 48
\BOOKMARK [1][-]{section.4.2}{\376\377\0004\000.\0002\000\040\000A\000r\000c\000h\000i\000t\000e\000c\000t\000u\000r\000e\000\040\000O\000v\000e\000r\000v\000i\000e\000w}{chapter.4}% 49
\BOOKMARK [1][-]{section.4.3}{\376\377\0004\000.\0003\000\040\000T\000h\000e\000\040\000S\000t\000r\000o\000n\000g\000A\000R\000M\000\040\000L\000a\000t\000c\000h\000\040\000C\000o\000m\000p\000a\000r\000a\000t\000o\000r}{chapter.4}% 50
\BOOKMARK [2][-]{subsection.4.3.1}{\376\377\0004\000.\0003\000.\0001\000\040\000C\000i\000r\000c\000u\000i\000t\000\040\000D\000e\000s\000c\000r\000i\000p\000t\000i\000o\000n\000\040\000a\000n\000d\000\040\000O\000p\000e\000r\000a\000t\000i\000n\000g\000\040\000P\000r\000i\000n\000c\000i\000p\000l\000e}{section.4.3}% 51
\BOOKMARK [2][-]{subsection.4.3.2}{\376\377\0004\000.\0003\000.\0002\000\040\000R\000a\000i\000l\000-\000t\000o\000-\000R\000a\000i\000l\000\040\000I\000n\000p\000u\000t\000\040\000R\000a\000n\000g\000e}{section.4.3}% 52
\BOOKMARK [1][-]{section.4.4}{\376\377\0004\000.\0004\000\040\000C\000l\000o\000c\000k\000\040\000G\000e\000n\000e\000r\000a\000t\000i\000o\000n}{chapter.4}% 53
\BOOKMARK [1][-]{section.4.5}{\376\377\0004\000.\0005\000\040\000P\000o\000w\000e\000r\000\040\000M\000e\000a\000s\000u\000r\000e\000m\000e\000n\000t\000\040\000M\000e\000t\000h\000o\000d\000o\000l\000o\000g\000y}{chapter.4}% 54
\BOOKMARK [1][-]{section.4.6}{\376\377\0004\000.\0006\000\040\000S\000i\000m\000u\000l\000a\000t\000i\000o\000n\000\040\000R\000e\000s\000u\000l\000t\000s}{chapter.4}% 55
\BOOKMARK [0][-]{chapter.5}{\376\377\0005\000\040\000T\000r\000i\000m\000m\000i\000n\000g}{}% 56
\BOOKMARK [1][-]{section.5.1}{\376\377\0005\000.\0001\000\040\000B\000o\000d\000y\000\040\000B\000i\000a\000s\000i\000n\000g\000\040\000T\000r\000i\000m\000m\000i\000n\000g}{chapter.5}% 57
\BOOKMARK [2][-]{subsection.5.1.1}{\376\377\0005\000.\0001\000.\0001\000\040\000F\000u\000n\000c\000t\000i\000o\000n\000\040\000o\000f\000\040\000N\000M\000O\000S\000\040\000a\000n\000d\000\040\000P\000M\000O\000S\000\040\000T\000r\000a\000n\000s\000i\000s\000t\000o\000r\000s\000\040\000U\000n\000d\000e\000r\000\040\000D\000i\000f\000f\000e\000r\000e\000n\000t\000\040\000B\000o\000d\000y\000\040\000B\000i\000a\000s}{section.5.1}% 58
\BOOKMARK [2][-]{subsection.5.1.2}{\376\377\0005\000.\0001\000.\0002\000\040\000P\000r\000o\000c\000e\000s\000s\000\040\000C\000o\000r\000n\000e\000r\000\040\000D\000e\000p\000e\000n\000d\000e\000n\000c\000e\000\040\000a\000n\000d\000\040\000M\000o\000t\000i\000v\000a\000t\000i\000o\000n\000\040\000f\000o\000r\000\040\000T\000r\000i\000m\000m\000i\000n\000g}{section.5.1}% 59
\BOOKMARK [2][-]{subsection.5.1.3}{\376\377\0005\000.\0001\000.\0003\000\040\000O\000f\000f\000l\000i\000n\000e\000\040\000T\000r\000i\000m\000m\000i\000n\000g\000\040\000S\000t\000r\000a\000t\000e\000g\000y\000\040\000v\000i\000a\000\040\000B\000o\000d\000y\000\040\000B\000i\000a\000s\000\040\000A\000d\000j\000u\000s\000t\000m\000e\000n\000t}{section.5.1}% 60
\BOOKMARK [0][-]{chapter.6}{\376\377\0006\000\040\000C\000o\000n\000c\000l\000u\000s\000i\000o\000n\000s\000\040\000a\000n\000d\000\040\000S\000u\000g\000g\000e\000s\000t\000i\000o\000n\000s\000\040\000f\000o\000r\000\040\000F\000u\000t\000u\000r\000e\000\040\000W\000o\000r\000k}{}% 61
\BOOKMARK [1][-]{section.6.1}{\376\377\0006\000.\0001\000\040\000S\000u\000m\000m\000a\000r\000y\000\040\000o\000f\000\040\000t\000h\000e\000\040\000w\000o\000r\000k\000\040\000d\000e\000v\000e\000l\000o\000p\000e\000d}{chapter.6}% 62
\BOOKMARK [1][-]{section.6.2}{\376\377\0006\000.\0002\000\040\000C\000o\000n\000c\000l\000u\000d\000e\000d\000\040\000O\000b\000j\000e\000t\000c\000t\000i\000v\000e\000s}{chapter.6}% 63
\BOOKMARK [1][-]{section.6.3}{\376\377\0006\000.\0003\000\040\000F\000u\000t\000u\000r\000e\000\040\000W\000o\000r\000k}{chapter.6}% 64
