This is pdfTeX, Version 3.141592653-2.6-1.40.27 (MiKTeX 25.4) (preloaded format=pdflatex 2025.11.20)  8 JAN 2026 16:22
entering extended mode
 restricted \write18 enabled.
 file:line:error style messages enabled.
 %&-line parsing enabled.
**"c:/Users/gonca/Downloads/meec-distrib-v2024 (2)/meec-distrib/texto-latex-corrigido.tex"
(c:/Users/gonca/Downloads/meec-distrib-v2024 (2)/meec-distrib/texto-latex-corrigido.tex
LaTeX2e <2025-06-01> patch level 1
L3 programming layer <2025-08-13>
(C:\Users\gonca\AppData\Local\Programs\MiKTeX\tex/latex/base\report.cls
Document Class: report 2025/01/22 v1.4n Standard LaTeX document class
(C:\Users\gonca\AppData\Local\Programs\MiKTeX\tex/latex/base\size12.clo
File: size12.clo 2025/01/22 v1.4n Standard LaTeX file (size option)
)
\c@part=\count275
\c@chapter=\count276
\c@section=\count277
\c@subsection=\count278
\c@subsubsection=\count279
\c@paragraph=\count280
\c@subparagraph=\count281
\c@figure=\count282
\c@table=\count283
\abovecaptionskip=\skip49
\belowcaptionskip=\skip50
\bibindent=\dimen148
) (C:\Users\gonca\AppData\Local\Programs\MiKTeX\tex/latex/base\inputenc.sty
Package: inputenc 2024/02/08 v1.3d Input encoding file
\inpenc@prehook=\toks17
\inpenc@posthook=\toks18
) (C:\Users\gonca\AppData\Local\Programs\MiKTeX\tex/latex/cite\cite.sty
LaTeX Info: Redefining \cite on input line 302.
LaTeX Info: Redefining \nocite on input line 332.
Package: cite 2015/02/27  v 5.5
) (C:\Users\gonca\AppData\Local\Programs\MiKTeX\tex/latex/graphics\graphicx.sty
Package: graphicx 2024/12/31 v1.2e Enhanced LaTeX Graphics (DPC,SPQR)
 (C:\Users\gonca\AppData\Local\Programs\MiKTeX\tex/latex/graphics\keyval.sty
Package: keyval 2022/05/29 v1.15 key=value parser (DPC)
\KV@toks@=\toks19
) (C:\Users\gonca\AppData\Local\Programs\MiKTeX\tex/latex/graphics\graphics.sty
Package: graphics 2024/08/06 v1.4g Standard LaTeX Graphics (DPC,SPQR)
 (C:\Users\gonca\AppData\Local\Programs\MiKTeX\tex/latex/graphics\trig.sty
Package: trig 2023/12/02 v1.11 sin cos tan (DPC)
) (C:\Users\gonca\AppData\Local\Programs\MiKTeX\tex/latex/graphics-cfg\graphics.cfg
File: graphics.cfg 2016/06/04 v1.11 sample graphics configuration
)
Package graphics Info: Driver file: pdftex.def on input line 106.
 (C:\Users\gonca\AppData\Local\Programs\MiKTeX\tex/latex/graphics-def\pdftex.def
File: pdftex.def 2024/04/13 v1.2c Graphics/color driver for pdftex
))
\Gin@req@height=\dimen149
\Gin@req@width=\dimen150
) (C:\Users\gonca\AppData\Local\Programs\MiKTeX\tex/latex/amsmath\amsmath.sty
Package: amsmath 2025/06/16 v2.17y AMS math features
\@mathmargin=\skip51

For additional information on amsmath, use the `?' option.
(C:\Users\gonca\AppData\Local\Programs\MiKTeX\tex/latex/amsmath\amstext.sty
Package: amstext 2024/11/17 v2.01 AMS text
 (C:\Users\gonca\AppData\Local\Programs\MiKTeX\tex/latex/amsmath\amsgen.sty
File: amsgen.sty 1999/11/30 v2.0 generic functions
\@emptytoks=\toks20
\ex@=\dimen151
)) (C:\Users\gonca\AppData\Local\Programs\MiKTeX\tex/latex/amsmath\amsbsy.sty
Package: amsbsy 1999/11/29 v1.2d Bold Symbols
\pmbraise@=\dimen152
) (C:\Users\gonca\AppData\Local\Programs\MiKTeX\tex/latex/amsmath\amsopn.sty
Package: amsopn 2022/04/08 v2.04 operator names
)
\inf@bad=\count284
LaTeX Info: Redefining \frac on input line 233.
\uproot@=\count285
\leftroot@=\count286
LaTeX Info: Redefining \overline on input line 398.
LaTeX Info: Redefining \colon on input line 409.
\classnum@=\count287
\DOTSCASE@=\count288
LaTeX Info: Redefining \ldots on input line 495.
LaTeX Info: Redefining \dots on input line 498.
LaTeX Info: Redefining \cdots on input line 619.
\Mathstrutbox@=\box53
\strutbox@=\box54
LaTeX Info: Redefining \big on input line 721.
LaTeX Info: Redefining \Big on input line 722.
LaTeX Info: Redefining \bigg on input line 723.
LaTeX Info: Redefining \Bigg on input line 724.
\big@size=\dimen153
LaTeX Font Info:    Redeclaring font encoding OML on input line 742.
LaTeX Font Info:    Redeclaring font encoding OMS on input line 743.
\macc@depth=\count289
LaTeX Info: Redefining \bmod on input line 904.
LaTeX Info: Redefining \pmod on input line 909.
LaTeX Info: Redefining \smash on input line 939.
LaTeX Info: Redefining \relbar on input line 969.
LaTeX Info: Redefining \Relbar on input line 970.
\c@MaxMatrixCols=\count290
\dotsspace@=\muskip17
\c@parentequation=\count291
\dspbrk@lvl=\count292
\tag@help=\toks21
\row@=\count293
\column@=\count294
\maxfields@=\count295
\andhelp@=\toks22
\eqnshift@=\dimen154
\alignsep@=\dimen155
\tagshift@=\dimen156
\tagwidth@=\dimen157
\totwidth@=\dimen158
\lineht@=\dimen159
\@envbody=\toks23
\multlinegap=\skip52
\multlinetaggap=\skip53
\mathdisplay@stack=\toks24
LaTeX Info: Redefining \[ on input line 2949.
LaTeX Info: Redefining \] on input line 2950.
) (C:\Users\gonca\AppData\Local\Programs\MiKTeX\tex/latex/l3backend\l3backend-pdftex.def
File: l3backend-pdftex.def 2025-06-09 L3 backend support: PDF output (pdfTeX)
\l__color_backend_stack_int=\count296
) (texto-latex-corrigido.aux)
\openout1 = `texto-latex-corrigido.aux'.

LaTeX Font Info:    Checking defaults for OML/cmm/m/it on input line 24.
LaTeX Font Info:    ... okay on input line 24.
LaTeX Font Info:    Checking defaults for OMS/cmsy/m/n on input line 24.
LaTeX Font Info:    ... okay on input line 24.
LaTeX Font Info:    Checking defaults for OT1/cmr/m/n on input line 24.
LaTeX Font Info:    ... okay on input line 24.
LaTeX Font Info:    Checking defaults for T1/cmr/m/n on input line 24.
LaTeX Font Info:    ... okay on input line 24.
LaTeX Font Info:    Checking defaults for TS1/cmr/m/n on input line 24.
LaTeX Font Info:    ... okay on input line 24.
LaTeX Font Info:    Checking defaults for OMX/cmex/m/n on input line 24.
LaTeX Font Info:    ... okay on input line 24.
LaTeX Font Info:    Checking defaults for U/cmr/m/n on input line 24.
LaTeX Font Info:    ... okay on input line 24.
 (C:\Users\gonca\AppData\Local\Programs\MiKTeX\tex/context/base/mkii\supp-pdf.mkii
[Loading MPS to PDF converter (version 2006.09.02).]
\scratchcounter=\count297
\scratchdimen=\dimen160
\scratchbox=\box55
\nofMPsegments=\count298
\nofMParguments=\count299
\everyMPshowfont=\toks25
\MPscratchCnt=\count300
\MPscratchDim=\dimen161
\MPnumerator=\count301
\makeMPintoPDFobject=\count302
\everyMPtoPDFconversion=\toks26
) (C:\Users\gonca\AppData\Local\Programs\MiKTeX\tex/latex/epstopdf-pkg\epstopdf-base.sty
Package: epstopdf-base 2020-01-24 v2.11 Base part for package epstopdf
 (C:\Users\gonca\AppData\Local\Programs\MiKTeX\tex/generic/infwarerr\infwarerr.sty
Package: infwarerr 2019/12/03 v1.5 Providing info/warning/error messages (HO)
) (C:\Users\gonca\AppData\Local\Programs\MiKTeX\tex/latex/grfext\grfext.sty
Package: grfext 2019/12/03 v1.3 Manage graphics extensions (HO)
 (C:\Users\gonca\AppData\Local\Programs\MiKTeX\tex/generic/kvdefinekeys\kvdefinekeys.sty
Package: kvdefinekeys 2019-12-19 v1.6 Define keys (HO)
)) (C:\Users\gonca\AppData\Local\Programs\MiKTeX\tex/latex/kvoptions\kvoptions.sty
Package: kvoptions 2022-06-15 v3.15 Key value format for package options (HO)
 (C:\Users\gonca\AppData\Local\Programs\MiKTeX\tex/generic/ltxcmds\ltxcmds.sty
Package: ltxcmds 2023-12-04 v1.26 LaTeX kernel commands for general use (HO)
) (C:\Users\gonca\AppData\Local\Programs\MiKTeX\tex/latex/kvsetkeys\kvsetkeys.sty
Package: kvsetkeys 2022-10-05 v1.19 Key value parser (HO)
)) (C:\Users\gonca\AppData\Local\Programs\MiKTeX\tex/generic/pdftexcmds\pdftexcmds.sty
Package: pdftexcmds 2020-06-27 v0.33 Utility functions of pdfTeX for LuaTeX (HO)
 (C:\Users\gonca\AppData\Local\Programs\MiKTeX\tex/generic/iftex\iftex.sty
Package: iftex 2024/12/12 v1.0g TeX engine tests
)
Package pdftexcmds Info: \pdf@primitive is available.
Package pdftexcmds Info: \pdf@ifprimitive is available.
Package pdftexcmds Info: \pdfdraftmode found.
)
Package epstopdf-base Info: Redefining graphics rule for `.eps' on input line 485.
Package grfext Info: Graphics extension search list:
(grfext)             [.pdf,.png,.jpg,.mps,.jpeg,.jbig2,.jb2,.PDF,.PNG,.JPG,.JPEG,.JBIG2,.JB2,.eps]
(grfext)             \AppendGraphicsExtensions on input line 504.
 (C:\Users\gonca\AppData\Local\Programs\MiKTeX\tex/latex/00miktex\epstopdf-sys.cfg
File: epstopdf-sys.cfg 2021/03/18 v2.0 Configuration of epstopdf for MiKTeX
))
Chapter 1.

LaTeX Warning: Citation `johns_martin_2012' on page 1 undefined on input line 33.


LaTeX Warning: Citation `shannon_1949' on page 1 undefined on input line 39.



[1


{C:/Users/gonca/AppData/Local/MiKTeX/fonts/map/pdftex/pdftex.map}]
<figures/time-sparse.png, id=7, 475.7775pt x 281.55188pt>
File: figures/time-sparse.png Graphic file (type png)
<use figures/time-sparse.png>
Package pdftex.def Info: figures/time-sparse.png  used on input line 43.
(pdftex.def)             Requested size: 390.0pt x 230.80098pt.


LaTeX Warning: Citation `lim_2013' on page 2 undefined on input line 44.


LaTeX Warning: Citation `lim_2013' on page 2 undefined on input line 44.


LaTeX Warning: Citation `shannon_1949' on page 2 undefined on input line 54.



[2 <./figures/time-sparse.png>]

LaTeX Warning: Citation `baker_cmos_2010' on page 3 undefined on input line 56.


LaTeX Warning: Citation `johns_martin_2012' on page 3 undefined on input line 69.

<figures/offset_error.png, id=13, 425.33907pt x 396.7322pt>
File: figures/offset_error.png Graphic file (type png)
<use figures/offset_error.png>
Package pdftex.def Info: figures/offset_error.png  used on input line 81.
(pdftex.def)             Requested size: 234.00238pt x 218.26392pt.

LaTeX Warning: Citation `johns_martin_2012' on page 3 undefined on input line 82.


LaTeX Warning: Citation `johns_martin_2012' on page 3 undefined on input line 82.


LaTeX Warning: Citation `baker_cmos_2010' on page 3 undefined on input line 86.



[3]

[4 <./figures/offset_error.png>]

[5]
Chapter 2.

LaTeX Warning: Citation `johns_martin_2012' on page 6 undefined on input line 118.


LaTeX Warning: Citation `johns_martin_2012' on page 6 undefined on input line 121.


LaTeX Warning: Citation `shannon_1949' on page 6 undefined on input line 123.



[6

]

LaTeX Warning: Citation `johns_martin_2012' on page 7 undefined on input line 127.


LaTeX Warning: Citation `johns_martin_2012' on page 7 undefined on input line 130.


LaTeX Warning: Citation `johns_martin_2012' on page 7 undefined on input line 134.


LaTeX Warning: Citation `baker_cmos_2010' on page 7 undefined on input line 140.


LaTeX Warning: Citation `johns_martin_2012' on page 7 undefined on input line 144.


LaTeX Warning: Citation `johns_martin_2012' on page 7 undefined on input line 147.


LaTeX Warning: Citation `johns_martin_2012' on page 7 undefined on input line 150.


LaTeX Warning: Citation `johns_martin_2012' on page 7 undefined on input line 150.



[7]

LaTeX Warning: Citation `johns_martin_2012' on page 8 undefined on input line 157.


LaTeX Warning: Citation `van_de_plassche_1994' on page 8 undefined on input line 159.


LaTeX Warning: Citation `johns_martin_2012' on page 8 undefined on input line 162.

File: figures/offset_error.png Graphic file (type png)
<use figures/offset_error.png>
Package pdftex.def Info: figures/offset_error.png  used on input line 166.
(pdftex.def)             Requested size: 312.00119pt x 291.02864pt.

LaTeX Warning: Citation `johns_martin_2012' on page 8 undefined on input line 167.


LaTeX Warning: Citation `johns_martin_2012' on page 8 undefined on input line 167.


LaTeX Warning: Citation `baker_cmos_2010' on page 8 undefined on input line 172.



[8]

[9]

LaTeX Warning: Citation `walden_2000' on page 10 undefined on input line 179.

<figures/Walden.png, id=42, 665.48625pt x 417.81094pt>
File: figures/Walden.png Graphic file (type png)
<use figures/Walden.png>
Package pdftex.def Info: figures/Walden.png  used on input line 189.
(pdftex.def)             Requested size: 312.00119pt x 195.88664pt.

LaTeX Warning: Citation `walden_2000' on page 10 undefined on input line 190.


LaTeX Warning: Citation `Tamba' on page 10 undefined on input line 190.


LaTeX Warning: Citation `Schvan_2006' on page 10 undefined on input line 190.


LaTeX Warning: Citation `Hammerschmied' on page 10 undefined on input line 190.


LaTeX Warning: Citation `Vorenkamp' on page 10 undefined on input line 190.


LaTeX Warning: Citation `Flynn' on page 10 undefined on input line 190.


LaTeX Warning: Citation `Hoogzaad' on page 10 undefined on input line 190.


LaTeX Warning: Citation `Geelen_2006' on page 10 undefined on input line 190.


LaTeX Warning: Citation `walden_2000' on page 10 undefined on input line 190.


LaTeX Warning: Citation `Tamba' on page 10 undefined on input line 190.


LaTeX Warning: Citation `Schvan_2006' on page 10 undefined on input line 190.


LaTeX Warning: Citation `Hammerschmied' on page 10 undefined on input line 190.


LaTeX Warning: Citation `Vorenkamp' on page 10 undefined on input line 190.


LaTeX Warning: Citation `Flynn' on page 10 undefined on input line 190.


LaTeX Warning: Citation `Hoogzaad' on page 10 undefined on input line 190.


LaTeX Warning: Citation `Geelen_2006' on page 10 undefined on input line 190.


LaTeX Warning: Citation `schreier_2005' on page 10 undefined on input line 195.



[10 <./figures/Walden.png>]
<figures/Schereier.png, id=47, 559.33969pt x 364.36125pt>
File: figures/Schereier.png Graphic file (type png)
<use figures/Schereier.png>
Package pdftex.def Info: figures/Schereier.png  used on input line 205.
(pdftex.def)             Requested size: 312.00119pt x 203.24586pt.


LaTeX Warning: Citation `schreier_2005' on page 11 undefined on input line 206.


LaTeX Warning: Citation `schreier_2005' on page 11 undefined on input line 206.


LaTeX Warning: Citation `johns_martin_2012' on page 11 undefined on input line 212.



[11 <./figures/Schereier.png>]

LaTeX Warning: Citation `baker_cmos_2010' on page 12 undefined on input line 215.


LaTeX Warning: Citation `Tamba' on page 12 undefined on input line 220.


LaTeX Warning: Citation `Schvan_2006' on page 12 undefined on input line 223.


LaTeX Warning: Citation `van_de_plassche_1994' on page 12 undefined on input line 228.

<figures/SAR.png, id=53, 257.763pt x 155.3805pt>
File: figures/SAR.png Graphic file (type png)
<use figures/SAR.png>
Package pdftex.def Info: figures/SAR.png  used on input line 232.
(pdftex.def)             Requested size: 312.00119pt x 188.08446pt.

LaTeX Warning: Citation `van_de_plassche_1994' on page 12 undefined on input line 233.


LaTeX Warning: Citation `van_de_plassche_1994' on page 12 undefined on input line 233.


LaTeX Warning: Citation `johns_martin_2012' on page 12 undefined on input line 238.



[12]
<figures/Pipeline.png, id=57, 697.8572pt x 456.95718pt>
File: figures/Pipeline.png Graphic file (type png)
<use figures/Pipeline.png>
Package pdftex.def Info: figures/Pipeline.png  used on input line 242.
(pdftex.def)             Requested size: 312.00119pt x 204.29706pt.


LaTeX Warning: Citation `johns_martin_2012' on page 13 undefined on input line 243.


LaTeX Warning: Citation `johns_martin_2012' on page 13 undefined on input line 243.


LaTeX Warning: Citation `candy_1985' on page 13 undefined on input line 248.


LaTeX Warning: Citation `schreier_2005' on page 13 undefined on input line 248.

<figures/Delta-sigma 1st order.png, id=58, 713.66624pt x 465.23813pt>
File: figures/Delta-sigma 1st order.png Graphic file (type png)
<use figures/Delta-sigma 1st order.png>
Package pdftex.def Info: figures/Delta-sigma 1st order.png  used on input line 252.
(pdftex.def)             Requested size: 312.00119pt x 203.39209pt.

LaTeX Warning: Citation `candy_1985' on page 13 undefined on input line 253.


LaTeX Warning: Citation `candy_1985' on page 13 undefined on input line 253.


LaTeX Warning: Citation `microelectronics_1998' on page 13 undefined on input line 258.



[13 <./figures/SAR.png>]

[14 <./figures/Pipeline.png> <./figures/Delta-sigma 1st order.png>]
<figures/dual slope.png, id=69, 721.94719pt x 263.48438pt>
File: figures/dual slope.png Graphic file (type png)
<use figures/dual slope.png>
Package pdftex.def Info: figures/dual slope.png  used on input line 262.
(pdftex.def)             Requested size: 312.00119pt x 113.86696pt.


LaTeX Warning: Citation `microelectronics_1998' on page 15 undefined on input line 263.


LaTeX Warning: Citation `microelectronics_1998' on page 15 undefined on input line 263.


LaTeX Warning: Citation `lim_2013' on page 15 undefined on input line 269.


Overfull \hbox (10.92778pt too wide) in paragraph at lines 269--270
\OT1/cmr/m/n/12 Asynchronous, or event-driven, ar-chi-tec-tures rep-re-sent a fun-da-men-tal paradigm
 []


LaTeX Warning: Citation `lim_2013' on page 15 undefined on input line 272.



[15 <./figures/dual slope.png>]

LaTeX Warning: Citation `baker_cmos_2010' on page 16 undefined on input line 285.


LaTeX Warning: Citation `johns_martin_2012' on page 16 undefined on input line 287.



[16]

LaTeX Warning: Citation `baker_cmos_2010' on page 17 undefined on input line 296.


LaTeX Warning: Citation `baker_cmos_2010' on page 17 undefined on input line 302.


LaTeX Warning: Citation `yao_bulk_2011' on page 17 undefined on input line 309.



[17]
<figures/VT bulk.png, id=81, 287.57437pt x 147.55125pt>
File: figures/VT bulk.png Graphic file (type png)
<use figures/VT bulk.png>
Package pdftex.def Info: figures/VT bulk.png  used on input line 315.
(pdftex.def)             Requested size: 272.99881pt x 140.07607pt.


LaTeX Warning: Citation `yao_bulk_2011' on page 18 undefined on input line 316.


LaTeX Warning: Citation `yao_bulk_2011' on page 18 undefined on input line 316.


Overfull \hbox (23.39128pt too wide) in paragraph at lines 320--320
[]\OT1/cmr/bx/n/14.4 Advantages of Re-sis-tive Trim-ming for Asyn-chronous
 []


LaTeX Warning: Citation `baker_cmos_2010' on page 18 undefined on input line 321.



[18 <./figures/VT bulk.png>]

LaTeX Warning: Citation `yao_bulk_2011' on page 19 undefined on input line 334.


LaTeX Warning: Citation `lim_2013' on page 19 undefined on input line 339.


LaTeX Warning: Citation `baker_cmos_2010' on page 19 undefined on input line 341.



[19]

LaTeX Warning: Citation `lim_2013' on page 20 undefined on input line 353.

<figures/Energy evo.png, id=90, 557.08125pt x 362.10281pt>
File: figures/Energy evo.png Graphic file (type png)
<use figures/Energy evo.png>
Package pdftex.def Info: figures/Energy evo.png  used on input line 373.
(pdftex.def)             Requested size: 312.00119pt x 202.8038pt.

LaTeX Warning: Citation `lim_2013' on page 20 undefined on input line 374.


LaTeX Warning: Citation `Tamba' on page 20 undefined on input line 374.


LaTeX Warning: Citation `Schvan_2006' on page 20 undefined on input line 374.


LaTeX Warning: Citation `Hammerschmied' on page 20 undefined on input line 374.


LaTeX Warning: Citation `Vorenkamp' on page 20 undefined on input line 374.


LaTeX Warning: Citation `Yong_In_Park' on page 20 undefined on input line 374.


LaTeX Warning: Citation `Ingino' on page 20 undefined on input line 374.


LaTeX Warning: Citation `Yoshioka_2010' on page 20 undefined on input line 374.


LaTeX Warning: Citation `Liu_2010' on page 20 undefined on input line 374.


LaTeX Warning: Citation `lim_2013' on page 20 undefined on input line 374.


LaTeX Warning: Citation `Tamba' on page 20 undefined on input line 374.


LaTeX Warning: Citation `Schvan_2006' on page 20 undefined on input line 374.


LaTeX Warning: Citation `Hammerschmied' on page 20 undefined on input line 374.


LaTeX Warning: Citation `Vorenkamp' on page 20 undefined on input line 374.


LaTeX Warning: Citation `Yong_In_Park' on page 20 undefined on input line 374.


LaTeX Warning: Citation `Ingino' on page 20 undefined on input line 374.


LaTeX Warning: Citation `Yoshioka_2010' on page 20 undefined on input line 374.


LaTeX Warning: Citation `Liu_2010' on page 20 undefined on input line 374.



[20]

[21 <./figures/Energy evo.png>] (texto-latex-corrigido.aux)
 ***********
LaTeX2e <2025-06-01> patch level 1
L3 programming layer <2025-08-13>
 ***********


LaTeX Warning: There were undefined references.

 ) 
Here is how much of TeX's memory you used:
 2869 strings out of 468133
 47756 string characters out of 5430711
 449272 words of memory out of 5000000
 31465 multiletter control sequences out of 15000+600000
 633762 words of font info for 64 fonts, out of 8000000 for 9000
 1141 hyphenation exceptions out of 8191
 59i,9n,67p,933b,258s stack positions out of 10000i,1000n,20000p,200000b,200000s
 <C:\Users\gonca\AppData\Local\MiKTeX\fonts/pk/ljfour/jknappen/ec/dpi600\tcrm1200.pk><C:/Users/gonca/AppData/Local/Programs/MiKTeX/fonts/type1/public/amsfonts/cm/cmbx12.pfb><C:/Users/gonca/AppData/Local/Programs/MiKTeX/fonts/type1/public/amsfonts/cm/cmex10.pfb><C:/Users/gonca/AppData/Local/Programs/MiKTeX/fonts/type1/public/amsfonts/cm/cmmi12.pfb><C:/Users/gonca/AppData/Local/Programs/MiKTeX/fonts/type1/public/amsfonts/cm/cmmi6.pfb><C:/Users/gonca/AppData/Local/Programs/MiKTeX/fonts/type1/public/amsfonts/cm/cmmi8.pfb><C:/Users/gonca/AppData/Local/Programs/MiKTeX/fonts/type1/public/amsfonts/cm/cmr12.pfb><C:/Users/gonca/AppData/Local/Programs/MiKTeX/fonts/type1/public/amsfonts/cm/cmr8.pfb><C:/Users/gonca/AppData/Local/Programs/MiKTeX/fonts/type1/public/amsfonts/cm/cmsy10.pfb>
Output written on texto-latex-corrigido.pdf (21 pages, 627761 bytes).
PDF statistics:
 136 PDF objects out of 1000 (max. 8388607)
 0 named destinations out of 1000 (max. 500000)
 51 words of extra memory for PDF output out of 10000 (max. 10000000)

